02/20/2017 03:59:46 PM - root - INFO : Logging started!
02/20/2017 03:59:46 PM - root - INFO : To see the log in a bash window use the following command:
02/20/2017 03:59:46 PM - root - INFO : tail -n +1 -f /home/adebahr/apercal/ipython-notebooks/tutorials/logs/0.log
02/20/2017 03:59:48 PM - PREFLAG - INFO : ### Configuration file /home/adebahr/apercal/ipython-notebooks/tutorials/cfg/0.cfg successfully read! ###
02/20/2017 03:59:49 PM - PREFLAG - INFO : ### No configuration file given or file not found! Using default values! ###
02/20/2017 03:59:52 PM - PREFLAG - INFO : ### Configuration file /home/adebahr/apercal/ipython-notebooks/tutorials/cfg/0.cfg successfully read! ###
02/20/2017 03:59:58 PM - PREFLAG - INFO : ########## PRE-FLAGGING started ##########
02/20/2017 03:59:58 PM - PREFLAG - INFO : # Moved to directory /data/adebahr/apertif/tutorial/0/raw #
02/20/2017 03:59:58 PM - PREFLAG - INFO : ### Doing pre-flagging with AOFlagger ###
02/20/2017 03:59:58 PM - PREFLAG - INFO : ### Flagging of 3C147.MS using fluxcal.rfis done ###
02/20/2017 03:59:59 PM - PREFLAG - INFO : ### Flagging of 3C138.MS using polcal.rfis done ###
02/20/2017 04:00:17 PM - PREFLAG - INFO : ### Flagging of NGC4062.MS using target.rfis done ###
02/20/2017 04:00:17 PM - PREFLAG - INFO : ### Starting pre-flagging of known flags ###
02/20/2017 04:00:17 PM - PREFLAG - INFO : # Flagging auto-correlations for flux calibrator data #
02/20/2017 04:00:18 PM - PREFLAG - INFO : # Auto-correlation flagging for flux calibrator data done #
02/20/2017 04:00:18 PM - PREFLAG - INFO : # Flagging auto-correlations for polarisation calibrator data #
02/20/2017 04:00:18 PM - PREFLAG - INFO : # Auto-correlation flagging for polarisation calibrator data done #
02/20/2017 04:00:18 PM - PREFLAG - INFO : # Flagging auto-correlations for target data #
02/20/2017 04:00:23 PM - PREFLAG - INFO : # Auto-correlation flagging for target data done #
02/20/2017 04:00:23 PM - PREFLAG - INFO : # Flagging antenna(s) RT5 for flux calibrator data #
02/20/2017 04:00:23 PM - PREFLAG - INFO : # Flagging of antenna(s) RT5 for flux calibrator data done #
02/20/2017 04:00:23 PM - PREFLAG - INFO : # Flagging antenna(s) RT5 for polarised calibrator data #
02/20/2017 04:00:23 PM - PREFLAG - INFO : # Flagging of antenna(s) RT5 for polariased calibrator data done #
02/20/2017 04:00:23 PM - PREFLAG - INFO : # Flagging antenna(s) RT5 for target data #
02/20/2017 04:00:28 PM - PREFLAG - INFO : # Flagging of antenna(s) RT5 for target data done #
02/20/2017 04:00:28 PM - PREFLAG - INFO : # Flagging shadowed antennas for flux calibrator data #
02/20/2017 04:00:28 PM - PREFLAG - INFO : # Flagging of shadowed antennas for flux calibrator data done #
02/20/2017 04:00:28 PM - PREFLAG - INFO : # Flagging shadowed antennas for polarised calibrator data #
02/20/2017 04:00:28 PM - PREFLAG - INFO : # Flagging of shadowed antennas for polarised calibrator data done #
02/20/2017 04:00:28 PM - PREFLAG - INFO : # Flagging of shadowed antennas for target data #
02/20/2017 04:00:33 PM - PREFLAG - INFO : # Flagging of shadowed antennas for target data done #
02/20/2017 04:00:33 PM - PREFLAG - INFO : ### Pre-flagging of known flags done ###
02/20/2017 04:00:33 PM - PREFLAG - INFO : ########## PRE-FLAGGING done ##########
02/20/2017 04:00:36 PM - CONVERT - INFO : ### Configuration file /home/adebahr/apercal/ipython-notebooks/tutorials/cfg/0.cfg successfully read! ###
02/20/2017 04:00:38 PM - CONVERT - INFO : ########## FILE CONVERSION started ##########
02/20/2017 04:00:38 PM - CONVERT - INFO : ### Starting conversion from MS to UVFITS format ###
02/20/2017 04:00:38 PM - CONVERT - INFO : # Creating directory /data/adebahr/apertif/tutorial/0/crosscal #
02/20/2017 04:00:38 PM - CONVERT - INFO : # Moved to directory /data/adebahr/apertif/tutorial/0/crosscal #
02/20/2017 04:00:38 PM - CONVERT - INFO : ### Using CASA toolkit to convert from MS to UVFITS format! ###
02/20/2017 04:00:39 PM - CONVERT - INFO : ### Converted MS file 3C138.MS to UVFITS using CASA toolkit! ###
02/20/2017 04:01:20 PM - CONVERT - INFO : ### Converted MS file NGC4062.MS to UVFITS using CASA toolkit! ###
02/20/2017 04:01:20 PM - CONVERT - INFO : ### Conversion from MS to UVFITS format done! ###
02/20/2017 04:01:20 PM - CONVERT - INFO : ### Starting conversion from UVFITS to MIRIAD format ###
02/20/2017 04:01:20 PM - CONVERT - INFO : ### Using MIRIAD wsrtfits task to convert data from UVFITS to MIRIAD format ###
02/20/2017 04:01:20 PM - masher - DEBUG : wsrtfits in=/data/adebahr/apertif/tutorial/0/crosscal/3C138.UVFITS op=uvin out=/data/adebahr/apertif/tutorial/0/crosscal/3C138.mir 
02/20/2017 04:01:20 PM - basher - DEBUG : wsrtfits in=/data/adebahr/apertif/tutorial/0/crosscal/3C138.UVFITS op=uvin out=/data/adebahr/apertif/tutorial/0/crosscal/3C138.mir 
02/20/2017 04:01:20 PM - basher - DEBUG : Command = wsrtfits in=/data/adebahr/apertif/tutorial/0/crosscal/3C138.UVFITS op=uvin out=/data/adebahr/apertif/tutorial/0/crosscal/3C138.mir 
02/20/2017 04:01:20 PM - basher - DEBUG : 
wsrtfits: version 1.3.1 21-Jul-04
 /data/adebahr/apertif/tutorial/0/crosscal/3C138.UVFITS                                                                          
Assuming systemp=30
Assuming jyperk=8
Reading AIPS TY table
Reading AIPS AN table
 freqref    1396491086.9999998     
Decrementing times for configration  1 by  0.14 seconds (UTC-UT1).
 Mount type :           1
Reading AIPS FQ table
swapping frequency axis
swapping frequency axis
swapping frequency axis
swapping frequency axis
Reading AIPS SU table
 3C138               
Doppler tracking..
Data are linearly polarized
Reading the correlation data
The estimated integration time of a sample is 60 seconds
Number of antennas: 14
Number of antenna configurations: 1

02/20/2017 04:01:20 PM - basher - DEBUG : ### Warning [wsrtfits]:  Some unrecognised cards were written to the history file
### Warning [wsrtfits]:  Ignored random parameter INTTIM
### Warning [wsrtfits]:  Some visibilities had zero weight

02/20/2017 04:01:20 PM - basher - DEBUG : Returning output.
02/20/2017 04:01:20 PM - basher - DEBUG : rm -r /data/adebahr/apertif/tutorial/0/crosscal/3C138.UVFITS
02/20/2017 04:01:20 PM - basher - DEBUG : Returning output.
02/20/2017 04:01:20 PM - CONVERT - INFO : ### Converted UVFITS file 3C138.MS to MIRIAD format using MIRIAD task wsrtfits! ###
02/20/2017 04:01:20 PM - masher - DEBUG : wsrtfits in=/data/adebahr/apertif/tutorial/0/crosscal/NGC4062.UVFITS op=uvin out=/data/adebahr/apertif/tutorial/0/crosscal/NGC4062.mir 
02/20/2017 04:01:20 PM - basher - DEBUG : wsrtfits in=/data/adebahr/apertif/tutorial/0/crosscal/NGC4062.UVFITS op=uvin out=/data/adebahr/apertif/tutorial/0/crosscal/NGC4062.mir 
02/20/2017 04:01:23 PM - basher - DEBUG : Command = wsrtfits in=/data/adebahr/apertif/tutorial/0/crosscal/NGC4062.UVFITS op=uvin out=/data/adebahr/apertif/tutorial/0/crosscal/NGC4062.mir 
02/20/2017 04:01:23 PM - basher - DEBUG : 
wsrtfits: version 1.3.1 21-Jul-04
 /data/adebahr/apertif/tutorial/0/crosscal/NGC4062.UVFITS                                                                        
Assuming systemp=30
Assuming jyperk=8
Reading AIPS TY table
Reading AIPS AN table
 freqref    1396491086.9999998     
Decrementing times for configration  1 by  0.14 seconds (UTC-UT1).
 Mount type :           1
Reading AIPS FQ table
swapping frequency axis
swapping frequency axis
swapping frequency axis
swapping frequency axis
Reading AIPS SU table
 NGC4062             
Doppler tracking..
Data are linearly polarized
Reading the correlation data
The estimated integration time of a sample is 60 seconds
Number of antennas: 14
Number of antenna configurations: 1

02/20/2017 04:01:23 PM - basher - DEBUG : ### Warning [wsrtfits]:  Some unrecognised cards were written to the history file
### Warning [wsrtfits]:  Ignored random parameter INTTIM
### Warning [wsrtfits]:  Some visibilities had zero weight

02/20/2017 04:01:23 PM - basher - DEBUG : Returning output.
02/20/2017 04:01:23 PM - basher - DEBUG : rm -r /data/adebahr/apertif/tutorial/0/crosscal/NGC4062.UVFITS
02/20/2017 04:01:24 PM - basher - DEBUG : Returning output.
02/20/2017 04:01:24 PM - CONVERT - INFO : ### Converted UVFITS file NGC4062.MS to MIRIAD format using MIRIAD task wsrtfits! ###
02/20/2017 04:01:24 PM - CONVERT - INFO : ### Conversion from UVFITS to MIRIAD format done! ###
02/20/2017 04:01:24 PM - CONVERT - INFO : ########## FILE CONVERSION done ##########
02/20/2017 04:01:26 PM - CONVERT - WARNING : ### Deleting all converted data. ###
02/20/2017 04:01:26 PM - basher - DEBUG : rm -r /data/adebahr/apertif/tutorial/0/crosscal/*
02/20/2017 04:01:26 PM - basher - DEBUG : Returning output.
02/20/2017 04:01:27 PM - CONVERT - INFO : ### Starting conversion from MS to UVFITS format ###
02/20/2017 04:01:27 PM - CONVERT - INFO : ### Using CASA toolkit to convert from MS to UVFITS format! ###
02/20/2017 04:01:28 PM - CONVERT - INFO : ### Converted MS file 3C138.MS to UVFITS using CASA toolkit! ###
02/20/2017 04:02:09 PM - CONVERT - INFO : ### Converted MS file NGC4062.MS to UVFITS using CASA toolkit! ###
02/20/2017 04:02:09 PM - CONVERT - INFO : ### Conversion from MS to UVFITS format done! ###
02/20/2017 04:02:12 PM - CONVERT - INFO : ### Starting conversion from UVFITS to MIRIAD format ###
02/20/2017 04:02:12 PM - CONVERT - INFO : ### Using MIRIAD wsrtfits task to convert data from UVFITS to MIRIAD format ###
02/20/2017 04:02:12 PM - masher - DEBUG : wsrtfits in=/data/adebahr/apertif/tutorial/0/crosscal/NGC4062.UVFITS op=uvin out=/data/adebahr/apertif/tutorial/0/crosscal/NGC4062.mir 
02/20/2017 04:02:12 PM - basher - DEBUG : wsrtfits in=/data/adebahr/apertif/tutorial/0/crosscal/NGC4062.UVFITS op=uvin out=/data/adebahr/apertif/tutorial/0/crosscal/NGC4062.mir 
02/20/2017 04:02:15 PM - basher - DEBUG : Command = wsrtfits in=/data/adebahr/apertif/tutorial/0/crosscal/NGC4062.UVFITS op=uvin out=/data/adebahr/apertif/tutorial/0/crosscal/NGC4062.mir 
02/20/2017 04:02:15 PM - basher - DEBUG : 
wsrtfits: version 1.3.1 21-Jul-04
 /data/adebahr/apertif/tutorial/0/crosscal/NGC4062.UVFITS                                                                        
Assuming systemp=30
Assuming jyperk=8
Reading AIPS TY table
Reading AIPS AN table
 freqref    1396491086.9999998     
Decrementing times for configration  1 by  0.14 seconds (UTC-UT1).
 Mount type :           1
Reading AIPS FQ table
swapping frequency axis
swapping frequency axis
swapping frequency axis
swapping frequency axis
Reading AIPS SU table
 NGC4062             
Doppler tracking..
Data are linearly polarized
Reading the correlation data
The estimated integration time of a sample is 60 seconds
Number of antennas: 14
Number of antenna configurations: 1

02/20/2017 04:02:15 PM - basher - DEBUG : ### Warning [wsrtfits]:  Some unrecognised cards were written to the history file
### Warning [wsrtfits]:  Ignored random parameter INTTIM
### Warning [wsrtfits]:  Some visibilities had zero weight

02/20/2017 04:02:15 PM - basher - DEBUG : Returning output.
02/20/2017 04:02:15 PM - basher - DEBUG : rm -r /data/adebahr/apertif/tutorial/0/crosscal/NGC4062.UVFITS
02/20/2017 04:02:15 PM - basher - DEBUG : Returning output.
02/20/2017 04:02:15 PM - CONVERT - INFO : ### Converted UVFITS file NGC4062.MS to MIRIAD format using MIRIAD task wsrtfits! ###
02/20/2017 04:02:15 PM - CONVERT - INFO : ### Conversion from UVFITS to MIRIAD format done! ###
02/20/2017 04:02:16 PM - CONVERT - WARNING : ### Deleting all converted data. ###
02/20/2017 04:02:16 PM - basher - DEBUG : rm -r /data/adebahr/apertif/tutorial/0/crosscal/*
02/20/2017 04:02:17 PM - basher - DEBUG : Returning output.
02/20/2017 04:02:19 PM - CONVERT - INFO : ########## FILE CONVERSION started ##########
02/20/2017 04:02:19 PM - CONVERT - INFO : ### Starting conversion from MS to UVFITS format ###
02/20/2017 04:02:19 PM - CONVERT - INFO : ### Using CASA toolkit to convert from MS to UVFITS format! ###
02/20/2017 04:02:59 PM - CONVERT - INFO : ### Converted MS file NGC4062.MS to UVFITS using CASA toolkit! ###
02/20/2017 04:02:59 PM - CONVERT - INFO : ### Conversion from MS to UVFITS format done! ###
02/20/2017 04:02:59 PM - CONVERT - INFO : ########## FILE CONVERSION done ##########
02/20/2017 04:03:02 PM - CONFIG - INFO : ### Configuration file /home/adebahr/apercal/default.cfg successfully read! ###
