01/25/2017 02:52:50 PM - root - INFO : Logging started!
01/25/2017 02:52:50 PM - root - INFO : To see the log in a bash window use the following command:
01/25/2017 02:52:50 PM - root - INFO : tail -n +1 -f /home/adebahr/apercal/ipython-notebooks/tutorials/logs/A1.log
01/25/2017 02:52:56 PM - root - INFO : Logging started!
01/25/2017 02:52:56 PM - root - INFO : Logging started!
01/25/2017 02:52:56 PM - root - INFO : To see the log in a bash window use the following command:
01/25/2017 02:52:56 PM - root - INFO : To see the log in a bash window use the following command:
01/25/2017 02:52:56 PM - root - INFO : tail -n +1 -f /home/adebahr/apercal/ipython-notebooks/tutorials/logs/A1.log
01/25/2017 02:52:56 PM - root - INFO : tail -n +1 -f /home/adebahr/apercal/ipython-notebooks/tutorials/logs/A1.log
01/25/2017 02:53:08 PM - root - INFO : Logging started!
01/25/2017 02:53:08 PM - root - INFO : To see the log in a bash window use the following command:
01/25/2017 02:53:08 PM - root - INFO : tail -n +1 -f /home/adebahr/apercal/ipython-notebooks/tutorials/logs/A1.log
01/25/2017 03:56:45 PM - root - INFO : Logging started!
01/25/2017 03:56:45 PM - root - INFO : To see the log in a bash window use the following command:
01/25/2017 03:56:45 PM - root - INFO : tail -n +1 -f /home/adebahr/apercal/ipython-notebooks/tutorials/logs/A1.log
01/25/2017 03:56:56 PM - PREFLAG - INFO : ### Configuration file /home/adebahr/apercal/ipython-notebooks/tutorials/cfg/A1.cfg successfully read! ###
01/25/2017 03:57:13 PM - PREFLAG - INFO : ########## PRE-FLAGGING started ##########
01/25/2017 03:57:13 PM - PREFLAG - INFO : # Moved to directory /data/adebahr/apertif/tutorial/A1/raw #
01/25/2017 03:57:13 PM - PREFLAG - INFO : ### Doing pre-flagging with AOFlagger ###
01/25/2017 03:57:14 PM - PREFLAG - INFO : ### Flagging of 3C147.MS using fluxcal.rfis done ###
01/25/2017 03:57:15 PM - PREFLAG - INFO : ### Flagging of 3C138.MS using polcal.rfis done ###
01/25/2017 03:57:27 PM - PREFLAG - INFO : ### Flagging of NGC4062.MS using target.rfis done ###
01/25/2017 03:57:27 PM - PREFLAG - INFO : ### Starting pre-flagging of known flags ###
01/25/2017 03:57:27 PM - PREFLAG - INFO : # Flagging auto-correlations for flux calibrator data #
01/25/2017 03:57:27 PM - PREFLAG - INFO : # Auto-correlation flagging for flux calibrator data done #
01/25/2017 03:57:27 PM - PREFLAG - INFO : # Flagging auto-correlations for polarisation calibrator data #
01/25/2017 03:57:27 PM - PREFLAG - INFO : # Auto-correlation flagging for polarisation calibrator data done #
01/25/2017 03:57:27 PM - PREFLAG - INFO : # Flagging auto-correlations for target data #
01/25/2017 03:57:29 PM - PREFLAG - INFO : # Auto-correlation flagging for target data done #
01/25/2017 03:57:29 PM - PREFLAG - INFO : # Flagging antenna(s) RT5 for flux calibrator data #
01/25/2017 03:57:29 PM - PREFLAG - INFO : # Flagging of antenna(s) RT5 for flux calibrator data done #
01/25/2017 03:57:29 PM - PREFLAG - INFO : # Flagging antenna(s) RT5 for polarised calibrator data #
01/25/2017 03:57:29 PM - PREFLAG - INFO : # Flagging of antenna(s) RT5 for polariased calibrator data done #
01/25/2017 03:57:29 PM - PREFLAG - INFO : # Flagging antenna(s) RT5 for target data #
01/25/2017 03:57:32 PM - PREFLAG - INFO : # Flagging of antenna(s) RT5 for target data done #
01/25/2017 03:57:32 PM - PREFLAG - INFO : # Flagging shadowed antennas for flux calibrator data #
01/25/2017 03:57:32 PM - PREFLAG - INFO : # Flagging of shadowed antennas for flux calibrator data done #
01/25/2017 03:57:32 PM - PREFLAG - INFO : # Flagging shadowed antennas for polarised calibrator data #
01/25/2017 03:57:32 PM - PREFLAG - INFO : # Flagging of shadowed antennas for polarised calibrator data done #
01/25/2017 03:57:32 PM - PREFLAG - INFO : # Flagging of shadowed antennas for target data #
01/25/2017 03:57:37 PM - PREFLAG - INFO : # Flagging of shadowed antennas for target data done #
01/25/2017 03:57:37 PM - PREFLAG - INFO : ### Pre-flagging of known flags done ###
01/25/2017 03:57:37 PM - PREFLAG - INFO : ########## PRE-FLAGGING done ##########
01/25/2017 04:05:56 PM - CONVERT - INFO : ### Configuration file /home/adebahr/apercal/ipython-notebooks/tutorials/cfg/A1.cfg successfully read! ###
01/25/2017 04:06:41 PM - CONVERT - INFO : ########## FILE CONVERSION started ##########
01/25/2017 04:06:41 PM - CONVERT - INFO : ### Starting conversion from MS to UVFITS format ###
01/25/2017 04:06:41 PM - CONVERT - INFO : # Creating directory /data/adebahr/apertif/tutorial/A1/crosscal #
01/25/2017 04:06:41 PM - CONVERT - INFO : # Moved to directory /data/adebahr/apertif/tutorial/A1/crosscal #
01/25/2017 04:06:41 PM - CONVERT - INFO : ### Using CASA toolkit to convert from MS to UVFITS format! ###
01/25/2017 04:06:41 PM - CONVERT - INFO : ### Converted MS file 3C147.MS to UVFITS using CASA toolkit! ###
01/25/2017 04:06:41 PM - CONVERT - INFO : ### Converted MS file 3C138.MS to UVFITS using CASA toolkit! ###
01/25/2017 04:06:47 PM - CONVERT - INFO : ### Converted MS file NGC4062.MS to UVFITS using CASA toolkit! ###
01/25/2017 04:06:47 PM - CONVERT - INFO : ### Conversion from MS to UVFITS format done! ###
01/25/2017 04:06:47 PM - CONVERT - INFO : ### Starting conversion from UVFITS to MIRIAD format ###
01/25/2017 04:06:47 PM - CONVERT - INFO : ### Using MIRIAD wsrtfits task to convert data from UVFITS to MIRIAD format ###
01/25/2017 04:06:47 PM - masher - DEBUG : wsrtfits in=/data/adebahr/apertif/tutorial/A1/crosscal/3C147.UVFITS op=uvin out=/data/adebahr/apertif/tutorial/A1/crosscal/3C147.mir 
01/25/2017 04:06:47 PM - basher - DEBUG : wsrtfits in=/data/adebahr/apertif/tutorial/A1/crosscal/3C147.UVFITS op=uvin out=/data/adebahr/apertif/tutorial/A1/crosscal/3C147.mir 
01/25/2017 04:06:47 PM - basher - DEBUG : Command = wsrtfits in=/data/adebahr/apertif/tutorial/A1/crosscal/3C147.UVFITS op=uvin out=/data/adebahr/apertif/tutorial/A1/crosscal/3C147.mir 
01/25/2017 04:06:47 PM - basher - DEBUG : 
wsrtfits: version 1.3.1 21-Jul-04
 /data/adebahr/apertif/tutorial/A1/crosscal/3C147.UVFITS                                                                         
Assuming systemp=30
Assuming jyperk=8
Reading AIPS AN table
 freqref    1396803587.0000000     
Decrementing times for configration  1 by  0.14 seconds (UTC-UT1).
 Mount type :           1
Reading AIPS FQ table
swapping frequency axis
swapping frequency axis
swapping frequency axis
swapping frequency axis
Doppler tracking..
Data are linearly polarized
Reading the correlation data
The estimated integration time of a sample is 60 seconds
Number of antennas: 14
Number of antenna configurations: 1

01/25/2017 04:06:47 PM - basher - DEBUG : ### Warning [wsrtfits]:  Some unrecognised cards were written to the history file
### Warning [wsrtfits]:  Some visibilities had zero weight

01/25/2017 04:06:47 PM - basher - DEBUG : Returning output.
01/25/2017 04:06:47 PM - basher - DEBUG : rm -r /data/adebahr/apertif/tutorial/A1/crosscal/3C147.UVFITS
01/25/2017 04:06:47 PM - basher - DEBUG : Returning output.
01/25/2017 04:06:47 PM - CONVERT - INFO : ### Converted UVFITS file 3C147.MS to MIRIAD format using MIRIAD task wsrtfits! ###
01/25/2017 04:06:47 PM - masher - DEBUG : wsrtfits in=/data/adebahr/apertif/tutorial/A1/crosscal/3C138.UVFITS op=uvin out=/data/adebahr/apertif/tutorial/A1/crosscal/3C138.mir 
01/25/2017 04:06:47 PM - basher - DEBUG : wsrtfits in=/data/adebahr/apertif/tutorial/A1/crosscal/3C138.UVFITS op=uvin out=/data/adebahr/apertif/tutorial/A1/crosscal/3C138.mir 
01/25/2017 04:06:47 PM - basher - DEBUG : Command = wsrtfits in=/data/adebahr/apertif/tutorial/A1/crosscal/3C138.UVFITS op=uvin out=/data/adebahr/apertif/tutorial/A1/crosscal/3C138.mir 
01/25/2017 04:06:47 PM - basher - DEBUG : 
wsrtfits: version 1.3.1 21-Jul-04
 /data/adebahr/apertif/tutorial/A1/crosscal/3C138.UVFITS                                                                         
Assuming systemp=30
Assuming jyperk=8
Reading AIPS AN table
 freqref    1396803587.0000000     
Decrementing times for configration  1 by  0.14 seconds (UTC-UT1).
 Mount type :           1
Reading AIPS FQ table
swapping frequency axis
swapping frequency axis
swapping frequency axis
swapping frequency axis
Doppler tracking..
Data are linearly polarized
Reading the correlation data
The estimated integration time of a sample is 60 seconds
Number of antennas: 14
Number of antenna configurations: 1

01/25/2017 04:06:47 PM - basher - DEBUG : ### Warning [wsrtfits]:  Some unrecognised cards were written to the history file
### Warning [wsrtfits]:  Some visibilities had zero weight

01/25/2017 04:06:47 PM - basher - DEBUG : Returning output.
01/25/2017 04:06:47 PM - basher - DEBUG : rm -r /data/adebahr/apertif/tutorial/A1/crosscal/3C138.UVFITS
01/25/2017 04:06:47 PM - basher - DEBUG : Returning output.
01/25/2017 04:06:47 PM - CONVERT - INFO : ### Converted UVFITS file 3C138.MS to MIRIAD format using MIRIAD task wsrtfits! ###
01/25/2017 04:06:47 PM - masher - DEBUG : wsrtfits in=/data/adebahr/apertif/tutorial/A1/crosscal/NGC4062.UVFITS op=uvin out=/data/adebahr/apertif/tutorial/A1/crosscal/NGC4062.mir 
01/25/2017 04:06:47 PM - basher - DEBUG : wsrtfits in=/data/adebahr/apertif/tutorial/A1/crosscal/NGC4062.UVFITS op=uvin out=/data/adebahr/apertif/tutorial/A1/crosscal/NGC4062.mir 
01/25/2017 04:06:51 PM - basher - DEBUG : Command = wsrtfits in=/data/adebahr/apertif/tutorial/A1/crosscal/NGC4062.UVFITS op=uvin out=/data/adebahr/apertif/tutorial/A1/crosscal/NGC4062.mir 
01/25/2017 04:06:51 PM - basher - DEBUG : 
wsrtfits: version 1.3.1 21-Jul-04
 /data/adebahr/apertif/tutorial/A1/crosscal/NGC4062.UVFITS                                                                       
Assuming systemp=30
Assuming jyperk=8
Reading AIPS AN table
 freqref    1396803587.0000000     
Decrementing times for configration  1 by  0.14 seconds (UTC-UT1).
 Mount type :           1
Reading AIPS FQ table
swapping frequency axis
swapping frequency axis
swapping frequency axis
swapping frequency axis
Doppler tracking..
Data are linearly polarized
Reading the correlation data
The estimated integration time of a sample is 60 seconds
Number of antennas: 14
Number of antenna configurations: 1

01/25/2017 04:06:51 PM - basher - DEBUG : ### Warning [wsrtfits]:  Some unrecognised cards were written to the history file
### Warning [wsrtfits]:  Some visibilities had zero weight

01/25/2017 04:06:51 PM - basher - DEBUG : Returning output.
01/25/2017 04:06:51 PM - basher - DEBUG : rm -r /data/adebahr/apertif/tutorial/A1/crosscal/NGC4062.UVFITS
01/25/2017 04:06:51 PM - basher - DEBUG : Returning output.
01/25/2017 04:06:51 PM - CONVERT - INFO : ### Converted UVFITS file NGC4062.MS to MIRIAD format using MIRIAD task wsrtfits! ###
01/25/2017 04:06:51 PM - CONVERT - INFO : ### Conversion from UVFITS to MIRIAD format done! ###
01/25/2017 04:06:51 PM - CONVERT - INFO : ########## FILE CONVERSION done ##########
01/25/2017 04:06:55 PM - CROSSCAL - INFO : ### Configuration file /home/adebahr/apercal/ipython-notebooks/tutorials/cfg/A1.cfg successfully read! ###
01/25/2017 04:07:07 PM - CROSSCAL - INFO : ### Bandpass calibration on the flux calibrator data started ###
01/25/2017 04:07:07 PM - masher - DEBUG : mfcal vis=3C147.mir 
01/25/2017 04:07:07 PM - basher - DEBUG : mfcal vis=3C147.mir 
01/25/2017 04:07:08 PM - basher - DEBUG : Command = mfcal vis=3C147.mir 
01/25/2017 04:07:08 PM - basher - DEBUG : 
MfCal: $Revision: 1.17 $, $Date: 2016/05/01 22:31:05 $
Selecting parallel-hand polarisations
Reading the data ...
Number correlations accepted: 587304
Number of frequency bands/settings: 4
Number of polarisations selected: 2
Number of solution intervals: 3
Number of passband solution intervals: 1
Initialising ...
Using known frequency variation of 3c147
Generating initial solution estimate ...
Doing solution refinement ...
Iter= 1, Solution Error:  0.277
Iter= 2, Solution Error:  0.001
Saving solution ...

01/25/2017 04:07:08 PM - basher - DEBUG : ### Warning:  Correlations flagged or edge-rejected: 111576

01/25/2017 04:07:08 PM - basher - DEBUG : Returning output.
01/25/2017 04:07:08 PM - CROSSCAL - INFO : ### Bandpass calibration on the flux calibrator data done ###
01/25/2017 04:07:15 PM - CROSSCAL - INFO : ### Polarisation calibration on the polarised calibrator data started ###
01/25/2017 04:07:15 PM - CROSSCAL - INFO : # Bandpass solutions in flux calibrator data found. Using them! #
01/25/2017 04:07:15 PM - masher - DEBUG : gpcopy vis=3C147.mir out=3C138.mir options=nopol mode=copy 
01/25/2017 04:07:15 PM - basher - DEBUG : gpcopy vis=3C147.mir out=3C138.mir options=nopol mode=copy 
01/25/2017 04:07:15 PM - basher - DEBUG : Command = gpcopy vis=3C147.mir out=3C138.mir options=nopol mode=copy 
01/25/2017 04:07:15 PM - basher - DEBUG : 

gpcopy: Revision 1.13, 2015/10/29 01:31:39 UTC

Copying gain table
Interpolation tolerance set to (minutes): 720.00
Copying bandpass table

01/25/2017 04:07:15 PM - basher - DEBUG : Returning output.
01/25/2017 04:07:15 PM - CROSSCAL - INFO : # Bandpass from flux calibrator data copied to polarised calibrator data #
01/25/2017 04:07:15 PM - masher - DEBUG : gpcal vis=3C138.mir options=xyvary,linear 
01/25/2017 04:07:15 PM - basher - DEBUG : gpcal vis=3C138.mir options=xyvary,linear 
01/25/2017 04:07:16 PM - basher - DEBUG : Command = gpcal vis=3C138.mir options=xyvary,linear 
01/25/2017 04:07:16 PM - basher - DEBUG : 

gpcal: Revision 1.22, 2016/05/01 22:31:05 UTC

Applying bandpass corrections to 3C138.mir
Number of antennae: 14
Reading the data ...
Number of solution intervals: 3
Total visibilities read: 5460
Number visibilities accepted: 4664
3c138 is a recognised flux calibrator.
Using IQUV =  8.6172,  0.5992, -0.2691,  0.0000 at   1.3911 GHz.
Iter= 1, Amplit/Phase Solution Error:   1.004
Iter= 1, Polarisation Solution Error:   0.137
Iter= 1, Overall Solution Error:        2.073
Iter= 2, Amplit/Phase Solution Error:   0.034
Iter= 2, Polarisation Solution Error:   0.133
Iter= 2, Overall Solution Error:        0.004
Iter= 3, Amplit/Phase Solution Error:   0.034
Iter= 3, Polarisation Solution Error:   0.134
Iter= 3, Overall Solution Error:        0.001
I flux density:   8.6172
Leakage terms:
 Ant 1:Dx,Dy = (-0.00685,-0.00130),(-0.00157,-0.00432)
 Ant 2:Dx,Dy = ( 0.00172, 0.00047),( 0.00001,-0.00597)
 Ant 3:Dx,Dy = (-0.00721, 0.00991),( 0.02916, 0.01728)
 Ant 4:Dx,Dy = (-0.00159, 0.00103),( 0.00555,-0.00667)
 Ant 5:Dx,Dy = ( 0.00797,-0.00438),(-0.00215,-0.01033)
 Ant 7:Dx,Dy = (-0.00436, 0.01196),(-0.01182, 0.00705)
 Ant 8:Dx,Dy = (-0.00699,-0.00224),( 0.00369,-0.00883)
 Ant 9:Dx,Dy = (-0.01064,-0.00788),(-0.01123,-0.01667)
 Ant10:Dx,Dy = ( 0.00062, 0.00109),( 0.00068,-0.00446)
 Ant11:Dx,Dy = (-0.00015, 0.00513),(-0.00068, 0.00066)
 Ant12:Dx,Dy = ( 0.00024, 0.01980),(-0.00890, 0.00932)
 Ant13:Dx,Dy = ( 0.00583,-0.00169),(-0.00859,-0.00591)
 Ant14:Dx,Dy = ( 0.00559, 0.00293),(-0.00994,-0.00602)

01/25/2017 04:07:16 PM - basher - DEBUG : ### Warning:  Number of flagged visibilities: 796
### Warning:  No data present for antenna(s): 6

01/25/2017 04:07:16 PM - basher - DEBUG : Returning output.
01/25/2017 04:07:16 PM - CROSSCAL - INFO : # Solved for polarisation leakage and angle on polarised calibrator #
01/25/2017 04:07:16 PM - CROSSCAL - INFO : ### Polarisation calibration on the polarised calibrator data done ###
01/25/2017 04:07:18 PM - CROSSCAL - INFO : ### Copying calibrator solutions to target dataset ###
01/25/2017 04:07:18 PM - CROSSCAL - INFO : # Copying calibrator solutions (bandpass, gains, leakage, angle) from polarised calibrator #
01/25/2017 04:07:18 PM - masher - DEBUG : gpcopy vis=3C138.mir out=NGC4062.mir 
01/25/2017 04:07:18 PM - basher - DEBUG : gpcopy vis=3C138.mir out=NGC4062.mir 
01/25/2017 04:07:18 PM - basher - DEBUG : Command = gpcopy vis=3C138.mir out=NGC4062.mir 
01/25/2017 04:07:18 PM - basher - DEBUG : 

gpcopy: Revision 1.13, 2015/10/29 01:31:39 UTC

Copying leakage table
Copying gain table
Interpolation tolerance set to (minutes): 720.00
Copying bandpass table

01/25/2017 04:07:18 PM - basher - DEBUG : Returning output.
01/25/2017 04:07:18 PM - CROSSCAL - INFO : ### All solutions copied to target data ###
