09/28/2017 01:54:18 PM - root - INFO : Logging started!
09/28/2017 01:54:18 PM - root - INFO : To see the log in a bash window use the following command:
09/28/2017 01:54:18 PM - root - INFO : tail -n +1 -f /home/adebahr/apercal/ipython-notebooks/commissioning/APERTIF/Bandpass_stability.log
09/28/2017 01:54:21 PM - PREFLAG - INFO : ### Configuration file /home/adebahr/apercal/ipython-notebooks/commissioning/APERTIF/Bandpass_stability.cfg successfully read! ###
09/28/2017 01:54:22 PM - PREFLAG - INFO : ### Starting pre-flagging of known flags ###
09/28/2017 01:54:22 PM - PREFLAG - INFO : # Moved to directory /data/adebahr/apertif/090808_3C286/raw #
09/28/2017 01:54:22 PM - PREFLAG - INFO : # Flagging auto-correlations for flux calibrator data #
09/28/2017 01:54:27 PM - PREFLAG - INFO : # Auto-correlation flagging for flux calibrator data done #
09/28/2017 01:54:27 PM - PREFLAG - INFO : # Flagging shadowed antennas for flux calibrator data #
09/28/2017 01:54:31 PM - PREFLAG - INFO : # Flagging of shadowed antennas for flux calibrator data done #
09/28/2017 01:54:31 PM - PREFLAG - INFO : # Flagging timerange 19:45:0~21:00:0 for flux calibrator data #
09/28/2017 01:54:33 PM - PREFLAG - INFO : # Flagging of timerange 19:45:0~21:00:0 for flux calibrator data done #
09/28/2017 01:54:33 PM - PREFLAG - INFO : ### Pre-flagging of known flags done ###
09/28/2017 01:54:33 PM - PREFLAG - INFO : ### Doing pre-flagging with AOFlagger ###
09/28/2017 01:59:17 PM - CONVERT - INFO : ### Configuration file /home/adebahr/apercal/ipython-notebooks/commissioning/APERTIF/Bandpass_stability.cfg successfully read! ###
09/28/2017 01:59:18 PM - CONVERT - INFO : ########## FILE CONVERSION started ##########
09/28/2017 01:59:18 PM - CONVERT - INFO : ### Starting conversion from MS to UVFITS format ###
09/28/2017 01:59:18 PM - CONVERT - INFO : # Moved to directory /data/adebahr/apertif/090808_3C286/crosscal #
09/28/2017 01:59:18 PM - CONVERT - INFO : ### Using CASA toolkit to convert from MS to UVFITS format! ###
09/28/2017 02:00:03 PM - CONVERT - INFO : ### Converted MS file 3C286.MS to UVFITS using CASA toolkit! ###
09/28/2017 02:00:03 PM - CONVERT - INFO : ### Conversion from MS to UVFITS format done! ###
09/28/2017 02:00:03 PM - CONVERT - INFO : ### Starting conversion from UVFITS to MIRIAD format ###
09/28/2017 02:00:03 PM - CONVERT - INFO : ### Using MIRIAD fits task to convert data from UVFITS to MIRIAD format ###
09/28/2017 02:00:03 PM - masher - DEBUG : fits in=/data/adebahr/apertif/090808_3C286/crosscal/3C286.UVFITS op=uvin out=/data/adebahr/apertif/090808_3C286/crosscal/3C286.mir 
09/28/2017 02:00:03 PM - basher - DEBUG : fits in=/data/adebahr/apertif/090808_3C286/crosscal/3C286.UVFITS op=uvin out=/data/adebahr/apertif/090808_3C286/crosscal/3C286.mir 
09/28/2017 02:00:03 PM - basher - DEBUG : Command = fits in=/data/adebahr/apertif/090808_3C286/crosscal/3C286.UVFITS op=uvin out=/data/adebahr/apertif/090808_3C286/crosscal/3C286.mir 
09/28/2017 02:00:03 PM - basher - DEBUG : 

fits: Revision 1.32, 2014/09/15 04:39:01 UTC


09/28/2017 02:00:03 PM - basher - DEBUG : ### Fatal Error:  Error opening /data/adebahr/apertif/090808_3C286/crosscal/3C286.mir, in UVOPEN(new): File exists

09/28/2017 02:00:03 PM - basher - DEBUG : Returning output.
09/28/2017 02:00:03 PM - basher - DEBUG : rm -r /data/adebahr/apertif/090808_3C286/crosscal/3C286.UVFITS
09/28/2017 02:00:05 PM - basher - DEBUG : Returning output.
09/28/2017 02:00:05 PM - CONVERT - INFO : ### Converted UVFITS file 3C286.MS to MIRIAD format using MIRIAD task fits! ###
09/28/2017 02:00:05 PM - CONVERT - INFO : ### Conversion from UVFITS to MIRIAD format done! ###
09/28/2017 02:00:05 PM - CONVERT - INFO : ########## FILE CONVERSION done ##########
09/28/2017 02:34:47 PM - CROSSCAL - INFO : ### Configuration file /home/adebahr/apercal/ipython-notebooks/commissioning/APERTIF/Bandpass_stability.cfg successfully read! ###
09/28/2017 02:34:47 PM - masher - DEBUG : mfcal vis=3C286.mir interval=120,120,120 stokes=XX 
09/28/2017 02:34:47 PM - basher - DEBUG : mfcal vis=3C286.mir interval=120,120,120 stokes=XX 
09/28/2017 02:35:35 PM - basher - DEBUG : Command = mfcal vis=3C286.mir interval=120,120,120 stokes=XX 
09/28/2017 02:35:35 PM - basher - DEBUG : 
MfCal: $Revision: 1.20 $, $Date: 2017/05/08 02:31:10 $
Reading the data ...
Number correlations accepted: 11433931
Number of frequency bands/settings: 1
Number of polarisations selected: 1
Number of solution intervals: 6
Number of passband solution intervals: 6
Initialising ...
Using known frequency variation of 3c286
Generating initial solution estimate ...
Doing solution refinement ...
Iter= 1, Solution Error:  1.306
Iter= 2, Solution Error:  0.004
Iter= 3, Solution Error:  0.003
Iter= 4, Solution Error:  0.001
Iter= 5, Solution Error:  0.001
Saving solution ...

09/28/2017 02:35:35 PM - basher - DEBUG : ### Warning:  Correlations flagged or edge-rejected: 35589645

09/28/2017 02:35:35 PM - basher - DEBUG : Returning output.
09/28/2017 02:37:37 PM - CROSSCAL - INFO : ### Configuration file /home/adebahr/apercal/ipython-notebooks/commissioning/APERTIF/Bandpass_stability.cfg successfully read! ###
09/28/2017 02:37:37 PM - masher - DEBUG : mfcal vis=3C286.mir interval=120,120,120 stokes=XX 
09/28/2017 02:37:37 PM - basher - DEBUG : mfcal vis=3C286.mir interval=120,120,120 stokes=XX 
09/28/2017 02:38:25 PM - basher - DEBUG : Command = mfcal vis=3C286.mir interval=120,120,120 stokes=XX 
09/28/2017 02:38:25 PM - basher - DEBUG : 
MfCal: $Revision: 1.20 $, $Date: 2017/05/08 02:31:10 $
Reading the data ...
Number correlations accepted: 11433931
Number of frequency bands/settings: 1
Number of polarisations selected: 1
Number of solution intervals: 6
Number of passband solution intervals: 6
Initialising ...
Using known frequency variation of 3c286
Generating initial solution estimate ...
Doing solution refinement ...
Iter= 1, Solution Error:  1.306
Iter= 2, Solution Error:  0.004
Iter= 3, Solution Error:  0.003
Iter= 4, Solution Error:  0.001
Iter= 5, Solution Error:  0.001
Saving solution ...

09/28/2017 02:38:25 PM - basher - DEBUG : ### Warning:  Correlations flagged or edge-rejected: 35589645

09/28/2017 02:38:25 PM - basher - DEBUG : Returning output.
09/28/2017 03:05:46 PM - root - INFO : Logging started!
09/28/2017 03:05:46 PM - root - INFO : To see the log in a bash window use the following command:
09/28/2017 03:05:46 PM - root - INFO : tail -n +1 -f /home/adebahr/apercal/ipython-notebooks/commissioning/APERTIF/Bandpass_stability.log
09/28/2017 03:05:58 PM - CROSSCAL - INFO : ### Configuration file /home/adebahr/apercal/ipython-notebooks/commissioning/APERTIF/Bandpass_stability.cfg successfully read! ###
09/28/2017 03:05:58 PM - masher - DEBUG : mfcal vis=3C286.mir interval=120,120,120 stokes=XX 
09/28/2017 03:05:58 PM - basher - DEBUG : mfcal vis=3C286.mir interval=120,120,120 stokes=XX 
09/28/2017 03:05:59 PM - basher - DEBUG : Command = mfcal vis=3C286.mir interval=120,120,120 stokes=XX 
09/28/2017 03:05:59 PM - basher - DEBUG : 
MfCal: $Revision: 1.20 $, $Date: 2017/05/08 02:31:10 $

09/28/2017 03:05:59 PM - basher - DEBUG : ### Fatal Error:  File does not exist: 3C286.mir

09/28/2017 03:05:59 PM - basher - DEBUG : Returning output.
09/28/2017 03:06:59 PM - root - INFO : Logging started!
09/28/2017 03:06:59 PM - root - INFO : To see the log in a bash window use the following command:
09/28/2017 03:06:59 PM - root - INFO : tail -n +1 -f /home/adebahr/apercal/ipython-notebooks/commissioning/APERTIF/Bandpass_stability.log
09/28/2017 03:07:03 PM - CROSSCAL - INFO : ### Configuration file /home/adebahr/apercal/ipython-notebooks/commissioning/APERTIF/Bandpass_stability.cfg successfully read! ###
09/28/2017 03:07:03 PM - masher - DEBUG : mfcal vis=3C286.mir interval=120,120,120 stokes=XX 
09/28/2017 03:07:03 PM - basher - DEBUG : mfcal vis=3C286.mir interval=120,120,120 stokes=XX 
09/28/2017 03:07:03 PM - basher - DEBUG : Command = mfcal vis=3C286.mir interval=120,120,120 stokes=XX 
09/28/2017 03:07:03 PM - basher - DEBUG : 
MfCal: $Revision: 1.20 $, $Date: 2017/05/08 02:31:10 $

09/28/2017 03:07:03 PM - basher - DEBUG : ### Fatal Error:  File does not exist: 3C286.mir

09/28/2017 03:07:03 PM - basher - DEBUG : Returning output.
09/28/2017 03:07:05 PM - masher - DEBUG : gpplt vis=3C286.mir log=/home/adebahr/apercal/temp/iaplot/C2DB8VHL.txt options=bandpass 
09/28/2017 03:07:05 PM - basher - DEBUG : gpplt vis=3C286.mir log=/home/adebahr/apercal/temp/iaplot/C2DB8VHL.txt options=bandpass 
09/28/2017 03:07:05 PM - basher - DEBUG : Command = gpplt vis=3C286.mir log=/home/adebahr/apercal/temp/iaplot/C2DB8VHL.txt options=bandpass 
09/28/2017 03:07:05 PM - basher - DEBUG : 

gpplt: Revision (not recorded)


09/28/2017 03:07:05 PM - basher - DEBUG : ### Warning:  Error opening input 3C286.mir
### Fatal Error:  No such file or directory

09/28/2017 03:07:05 PM - basher - DEBUG : Returning output.
09/28/2017 03:08:40 PM - root - INFO : Logging started!
09/28/2017 03:08:40 PM - root - INFO : To see the log in a bash window use the following command:
09/28/2017 03:08:40 PM - root - INFO : tail -n +1 -f /home/adebahr/apercal/ipython-notebooks/commissioning/APERTIF/Bandpass_stability.log
09/28/2017 03:08:46 PM - CROSSCAL - INFO : ### Configuration file /home/adebahr/apercal/ipython-notebooks/commissioning/APERTIF/Bandpass_stability.cfg successfully read! ###
09/28/2017 03:08:46 PM - masher - DEBUG : mfcal vis=3C286.mir interval=120,120,120 stokes=XX 
09/28/2017 03:08:46 PM - basher - DEBUG : mfcal vis=3C286.mir interval=120,120,120 stokes=XX 
09/28/2017 03:08:46 PM - basher - DEBUG : Command = mfcal vis=3C286.mir interval=120,120,120 stokes=XX 
09/28/2017 03:08:46 PM - basher - DEBUG : 
MfCal: $Revision: 1.20 $, $Date: 2017/05/08 02:31:10 $

09/28/2017 03:08:46 PM - basher - DEBUG : ### Fatal Error:  File does not exist: 3C286.mir

09/28/2017 03:08:46 PM - basher - DEBUG : Returning output.
09/28/2017 03:08:47 PM - masher - DEBUG : gpplt vis=3C286.mir log=/home/adebahr/apercal/temp/iaplot/C2DB8VHL.txt options=bandpass 
09/28/2017 03:08:47 PM - basher - DEBUG : gpplt vis=3C286.mir log=/home/adebahr/apercal/temp/iaplot/C2DB8VHL.txt options=bandpass 
09/28/2017 03:08:47 PM - basher - DEBUG : Command = gpplt vis=3C286.mir log=/home/adebahr/apercal/temp/iaplot/C2DB8VHL.txt options=bandpass 
09/28/2017 03:08:47 PM - basher - DEBUG : 

gpplt: Revision (not recorded)


09/28/2017 03:08:47 PM - basher - DEBUG : ### Warning:  Error opening input 3C286.mir
### Fatal Error:  No such file or directory

09/28/2017 03:08:47 PM - basher - DEBUG : Returning output.
09/28/2017 03:11:10 PM - root - INFO : Logging started!
09/28/2017 03:11:10 PM - root - INFO : To see the log in a bash window use the following command:
09/28/2017 03:11:10 PM - root - INFO : tail -n +1 -f /home/adebahr/apercal/ipython-notebooks/commissioning/APERTIF/Bandpass_stability.log
09/28/2017 03:11:16 PM - CROSSCAL - INFO : ### Configuration file /home/adebahr/apercal/ipython-notebooks/commissioning/APERTIF/Bandpass_stability.cfg successfully read! ###
09/28/2017 03:11:16 PM - masher - DEBUG : mfcal vis=3C286.mir interval=120,120,120 stokes=XX 
09/28/2017 03:11:16 PM - basher - DEBUG : mfcal vis=3C286.mir interval=120,120,120 stokes=XX 
09/28/2017 03:11:16 PM - basher - DEBUG : Command = mfcal vis=3C286.mir interval=120,120,120 stokes=XX 
09/28/2017 03:11:16 PM - basher - DEBUG : 
MfCal: $Revision: 1.20 $, $Date: 2017/05/08 02:31:10 $

09/28/2017 03:11:16 PM - basher - DEBUG : ### Fatal Error:  File does not exist: 3C286.mir

09/28/2017 03:11:16 PM - basher - DEBUG : Returning output.
09/28/2017 03:11:17 PM - masher - DEBUG : gpplt vis=3C286.mir log=/home/adebahr/apercal/temp/iaplot/C2DB8VHL options=bandpass 
09/28/2017 03:11:17 PM - basher - DEBUG : gpplt vis=3C286.mir log=/home/adebahr/apercal/temp/iaplot/C2DB8VHL options=bandpass 
09/28/2017 03:11:17 PM - basher - DEBUG : Command = gpplt vis=3C286.mir log=/home/adebahr/apercal/temp/iaplot/C2DB8VHL options=bandpass 
09/28/2017 03:11:17 PM - basher - DEBUG : 

gpplt: Revision (not recorded)


09/28/2017 03:11:17 PM - basher - DEBUG : ### Warning:  Error opening input 3C286.mir
### Fatal Error:  No such file or directory

09/28/2017 03:11:17 PM - basher - DEBUG : Returning output.
09/28/2017 03:13:24 PM - root - INFO : Logging started!
09/28/2017 03:13:24 PM - root - INFO : To see the log in a bash window use the following command:
09/28/2017 03:13:24 PM - root - INFO : tail -n +1 -f /home/adebahr/apercal/ipython-notebooks/commissioning/APERTIF/Bandpass_stability.log
09/28/2017 03:13:30 PM - CROSSCAL - INFO : ### Configuration file /home/adebahr/apercal/ipython-notebooks/commissioning/APERTIF/Bandpass_stability.cfg successfully read! ###
09/28/2017 03:13:30 PM - masher - DEBUG : mfcal vis=3C286.mir interval=120,120,120 stokes=XX 
09/28/2017 03:13:30 PM - basher - DEBUG : mfcal vis=3C286.mir interval=120,120,120 stokes=XX 
09/28/2017 03:13:30 PM - basher - DEBUG : Command = mfcal vis=3C286.mir interval=120,120,120 stokes=XX 
09/28/2017 03:13:30 PM - basher - DEBUG : 
MfCal: $Revision: 1.20 $, $Date: 2017/05/08 02:31:10 $

09/28/2017 03:13:30 PM - basher - DEBUG : ### Fatal Error:  File does not exist: 3C286.mir

09/28/2017 03:13:30 PM - basher - DEBUG : Returning output.
09/28/2017 03:13:31 PM - masher - DEBUG : gpplt vis=3C286.mir log=/home/adebahr/apercal/temp/mirlog/C2DB8VHL options=bandpass 
09/28/2017 03:13:31 PM - basher - DEBUG : gpplt vis=3C286.mir log=/home/adebahr/apercal/temp/mirlog/C2DB8VHL options=bandpass 
09/28/2017 03:13:31 PM - basher - DEBUG : Command = gpplt vis=3C286.mir log=/home/adebahr/apercal/temp/mirlog/C2DB8VHL options=bandpass 
09/28/2017 03:13:31 PM - basher - DEBUG : 

gpplt: Revision (not recorded)


09/28/2017 03:13:31 PM - basher - DEBUG : ### Warning:  Error opening input 3C286.mir
### Fatal Error:  No such file or directory

09/28/2017 03:13:31 PM - basher - DEBUG : Returning output.
09/28/2017 03:16:12 PM - root - INFO : Logging started!
09/28/2017 03:16:12 PM - root - INFO : To see the log in a bash window use the following command:
09/28/2017 03:16:12 PM - root - INFO : tail -n +1 -f /home/adebahr/apercal/ipython-notebooks/commissioning/APERTIF/Bandpass_stability.log
09/28/2017 03:16:21 PM - CROSSCAL - INFO : ### Configuration file /home/adebahr/apercal/ipython-notebooks/commissioning/APERTIF/Bandpass_stability.cfg successfully read! ###
09/28/2017 03:16:21 PM - masher - DEBUG : mfcal vis=3C286.mir interval=120,120,120 stokes=XX 
09/28/2017 03:16:21 PM - basher - DEBUG : mfcal vis=3C286.mir interval=120,120,120 stokes=XX 
09/28/2017 03:16:21 PM - basher - DEBUG : Command = mfcal vis=3C286.mir interval=120,120,120 stokes=XX 
09/28/2017 03:16:21 PM - basher - DEBUG : 
MfCal: $Revision: 1.20 $, $Date: 2017/05/08 02:31:10 $

09/28/2017 03:16:21 PM - basher - DEBUG : ### Fatal Error:  File does not exist: 3C286.mir

09/28/2017 03:16:21 PM - basher - DEBUG : Returning output.
09/28/2017 03:16:22 PM - masher - DEBUG : gpplt vis=3C286.mir log=/home/adebahr/apercal/temp/mirlog/C2DB8VHL options=bandpass 
09/28/2017 03:16:22 PM - basher - DEBUG : gpplt vis=3C286.mir log=/home/adebahr/apercal/temp/mirlog/C2DB8VHL options=bandpass 
09/28/2017 03:16:22 PM - basher - DEBUG : Command = gpplt vis=3C286.mir log=/home/adebahr/apercal/temp/mirlog/C2DB8VHL options=bandpass 
09/28/2017 03:16:22 PM - basher - DEBUG : 

gpplt: Revision (not recorded)


09/28/2017 03:16:22 PM - basher - DEBUG : ### Warning:  Error opening input 3C286.mir
### Fatal Error:  No such file or directory

09/28/2017 03:16:22 PM - basher - DEBUG : Returning output.
09/28/2017 03:18:25 PM - root - INFO : Logging started!
09/28/2017 03:18:25 PM - root - INFO : To see the log in a bash window use the following command:
09/28/2017 03:18:25 PM - root - INFO : tail -n +1 -f /home/adebahr/apercal/ipython-notebooks/commissioning/APERTIF/Bandpass_stability.log
09/28/2017 03:18:32 PM - CROSSCAL - INFO : ### Configuration file /home/adebahr/apercal/ipython-notebooks/commissioning/APERTIF/Bandpass_stability.cfg successfully read! ###
09/28/2017 03:18:32 PM - masher - DEBUG : mfcal vis=3C286.mir interval=120,120,120 stokes=XX 
09/28/2017 03:18:32 PM - basher - DEBUG : mfcal vis=3C286.mir interval=120,120,120 stokes=XX 
09/28/2017 03:18:32 PM - basher - DEBUG : Command = mfcal vis=3C286.mir interval=120,120,120 stokes=XX 
09/28/2017 03:18:32 PM - basher - DEBUG : 
MfCal: $Revision: 1.20 $, $Date: 2017/05/08 02:31:10 $

09/28/2017 03:18:32 PM - basher - DEBUG : ### Fatal Error:  File does not exist: 3C286.mir

09/28/2017 03:18:32 PM - basher - DEBUG : Returning output.
09/28/2017 03:18:37 PM - masher - DEBUG : gpplt vis=3C286.mir log=/home/adebahr/apercal/temp/mirlog/C2DB8VHL options=bandpass 
09/28/2017 03:18:37 PM - basher - DEBUG : gpplt vis=3C286.mir log=/home/adebahr/apercal/temp/mirlog/C2DB8VHL options=bandpass 
09/28/2017 03:18:37 PM - basher - DEBUG : Command = gpplt vis=3C286.mir log=/home/adebahr/apercal/temp/mirlog/C2DB8VHL options=bandpass 
09/28/2017 03:18:37 PM - basher - DEBUG : 

gpplt: Revision (not recorded)


09/28/2017 03:18:37 PM - basher - DEBUG : ### Warning:  Error opening input 3C286.mir
### Fatal Error:  No such file or directory

09/28/2017 03:18:37 PM - basher - DEBUG : Returning output.
09/28/2017 03:19:00 PM - CROSSCAL - INFO : ### Configuration file /home/adebahr/apercal/ipython-notebooks/commissioning/APERTIF/Bandpass_stability.cfg successfully read! ###
09/28/2017 03:19:00 PM - masher - DEBUG : mfcal vis=3C286.mir interval=120,120,120 stokes=XX 
09/28/2017 03:19:00 PM - basher - DEBUG : mfcal vis=3C286.mir interval=120,120,120 stokes=XX 
09/28/2017 03:19:00 PM - basher - DEBUG : Command = mfcal vis=3C286.mir interval=120,120,120 stokes=XX 
09/28/2017 03:19:00 PM - basher - DEBUG : 
MfCal: $Revision: 1.20 $, $Date: 2017/05/08 02:31:10 $

09/28/2017 03:19:00 PM - basher - DEBUG : ### Fatal Error:  File does not exist: 3C286.mir

09/28/2017 03:19:00 PM - basher - DEBUG : Returning output.
09/28/2017 04:13:36 PM - root - INFO : Logging started!
09/28/2017 04:13:36 PM - root - INFO : To see the log in a bash window use the following command:
09/28/2017 04:13:36 PM - root - INFO : tail -n +1 -f /home/adebahr/apercal/ipython-notebooks/commissioning/APERTIF/Bandpass_stability.log
09/28/2017 04:13:38 PM - PREFLAG - INFO : ### Configuration file /home/adebahr/apercal/ipython-notebooks/commissioning/APERTIF/Bandpass_stability.cfg successfully read! ###
09/28/2017 04:13:39 PM - PREFLAG - INFO : ### Starting pre-flagging of known flags ###
09/28/2017 04:13:39 PM - PREFLAG - INFO : # Moved to directory /data/adebahr/apertif/090808_3C286/raw #
09/28/2017 04:13:39 PM - PREFLAG - INFO : # Flagging auto-correlations for flux calibrator data #
09/28/2017 04:13:45 PM - PREFLAG - INFO : # Auto-correlation flagging for flux calibrator data done #
09/28/2017 04:13:45 PM - PREFLAG - INFO : # Flagging shadowed antennas for flux calibrator data #
09/28/2017 04:13:49 PM - PREFLAG - INFO : # Flagging of shadowed antennas for flux calibrator data done #
09/28/2017 04:13:49 PM - PREFLAG - INFO : # Flagging timerange 19:45:0~21:00:0 for flux calibrator data #
09/28/2017 04:13:51 PM - PREFLAG - INFO : # Flagging of timerange 19:45:0~21:00:0 for flux calibrator data done #
09/28/2017 04:13:51 PM - PREFLAG - INFO : ### Pre-flagging of known flags done ###
09/28/2017 04:13:51 PM - PREFLAG - INFO : ### Doing pre-flagging with AOFlagger ###
09/28/2017 04:19:08 PM - CONVERT - INFO : ### Configuration file /home/adebahr/apercal/ipython-notebooks/commissioning/APERTIF/Bandpass_stability.cfg successfully read! ###
09/28/2017 04:19:09 PM - CONVERT - INFO : ########## FILE CONVERSION started ##########
09/28/2017 04:19:09 PM - CONVERT - INFO : ### Starting conversion from MS to UVFITS format ###
09/28/2017 04:19:09 PM - CONVERT - INFO : # Creating directory /data/adebahr/apertif/090808_3C286/crosscal #
09/28/2017 04:19:09 PM - CONVERT - INFO : # Moved to directory /data/adebahr/apertif/090808_3C286/crosscal #
09/28/2017 04:19:09 PM - CONVERT - INFO : ### Using CASA toolkit to convert from MS to UVFITS format! ###
09/28/2017 04:19:52 PM - CONVERT - INFO : ### Converted MS file 3C286.MS to UVFITS using CASA toolkit! ###
09/28/2017 04:19:53 PM - CONVERT - INFO : ### Conversion from MS to UVFITS format done! ###
09/28/2017 04:19:53 PM - CONVERT - INFO : ### Starting conversion from UVFITS to MIRIAD format ###
09/28/2017 04:19:53 PM - CONVERT - INFO : ### Using MIRIAD fits task to convert data from UVFITS to MIRIAD format ###
09/28/2017 04:19:53 PM - masher - DEBUG : fits in=/data/adebahr/apertif/090808_3C286/crosscal/3C286.UVFITS op=uvin out=/data/adebahr/apertif/090808_3C286/crosscal/3C286.mir 
09/28/2017 04:19:53 PM - basher - DEBUG : fits in=/data/adebahr/apertif/090808_3C286/crosscal/3C286.UVFITS op=uvin out=/data/adebahr/apertif/090808_3C286/crosscal/3C286.mir 
09/28/2017 04:20:27 PM - basher - DEBUG : Command = fits in=/data/adebahr/apertif/090808_3C286/crosscal/3C286.UVFITS op=uvin out=/data/adebahr/apertif/090808_3C286/crosscal/3C286.mir 
09/28/2017 04:20:27 PM - basher - DEBUG : 

fits: Revision 1.32, 2014/09/15 04:39:01 UTC

Determining various defaults ...
  Assuming systemp=30
  Assuming jyperk=8

Analysing the extension tables ...
  Using antenna table information
  Using frequency table information
  Using source table information

Handling the visibility data
  Data are linearly polarized
  Reading the correlation data
  The estimated integration time of a sample is 31 seconds
  Number of antennas: 5
  Number of antenna configurations: 1

09/28/2017 04:20:27 PM - basher - DEBUG : ### Warning:  1 unrecognised cards were written to the history file
### Warning:  Ignored random parameter INTTIM
### Warning:  Some visibilities had zero weight

09/28/2017 04:20:27 PM - basher - DEBUG : Returning output.
09/28/2017 04:20:27 PM - basher - DEBUG : rm -r /data/adebahr/apertif/090808_3C286/crosscal/3C286.UVFITS
09/28/2017 04:20:28 PM - basher - DEBUG : Returning output.
09/28/2017 04:20:28 PM - CONVERT - INFO : ### Converted UVFITS file 3C286.MS to MIRIAD format using MIRIAD task fits! ###
09/28/2017 04:20:28 PM - CONVERT - INFO : ### Conversion from UVFITS to MIRIAD format done! ###
09/28/2017 04:20:28 PM - CONVERT - INFO : ########## FILE CONVERSION done ##########
09/28/2017 04:20:34 PM - CROSSCAL - INFO : ### Configuration file /home/adebahr/apercal/ipython-notebooks/commissioning/APERTIF/Bandpass_stability.cfg successfully read! ###
09/28/2017 04:20:34 PM - masher - DEBUG : mfcal vis=3C286.mir interval=120,120,120 stokes=XX 
09/28/2017 04:20:34 PM - basher - DEBUG : mfcal vis=3C286.mir interval=120,120,120 stokes=XX 
09/28/2017 04:21:22 PM - basher - DEBUG : Command = mfcal vis=3C286.mir interval=120,120,120 stokes=XX 
09/28/2017 04:21:22 PM - basher - DEBUG : 
MfCal: $Revision: 1.20 $, $Date: 2017/05/08 02:31:10 $
Reading the data ...
Number correlations accepted: 11433931
Number of frequency bands/settings: 1
Number of polarisations selected: 1
Number of solution intervals: 6
Number of passband solution intervals: 6
Initialising ...
Using known frequency variation of 3c286
Generating initial solution estimate ...
Doing solution refinement ...
Iter= 1, Solution Error:  1.306
Iter= 2, Solution Error:  0.004
Iter= 3, Solution Error:  0.003
Iter= 4, Solution Error:  0.001
Iter= 5, Solution Error:  0.001
Saving solution ...

09/28/2017 04:21:22 PM - basher - DEBUG : ### Warning:  Correlations flagged or edge-rejected: 35589645

09/28/2017 04:21:22 PM - basher - DEBUG : Returning output.
09/28/2017 04:22:37 PM - masher - DEBUG : gpplt vis=3C286.mir log=/home/adebahr/apercal/temp/mirlog/C2DB8VHL options=bandpass 
09/28/2017 04:22:37 PM - basher - DEBUG : gpplt vis=3C286.mir log=/home/adebahr/apercal/temp/mirlog/C2DB8VHL options=bandpass 
09/28/2017 04:22:38 PM - basher - DEBUG : Command = gpplt vis=3C286.mir log=/home/adebahr/apercal/temp/mirlog/C2DB8VHL options=bandpass 
09/28/2017 04:22:38 PM - basher - DEBUG : 

gpplt: Revision (not recorded)


09/28/2017 04:22:38 PM - basher - DEBUG : Returning output.
09/28/2017 04:25:15 PM - root - INFO : Logging started!
09/28/2017 04:25:15 PM - root - INFO : To see the log in a bash window use the following command:
09/28/2017 04:25:15 PM - root - INFO : tail -n +1 -f /home/adebahr/apercal/ipython-notebooks/commissioning/APERTIF/Bandpass_stability.log
09/28/2017 04:25:26 PM - CONVERT - INFO : ### Configuration file /home/adebahr/apercal/ipython-notebooks/commissioning/APERTIF/Bandpass_stability.cfg successfully read! ###
09/28/2017 04:25:40 PM - CROSSCAL - INFO : ### Configuration file /home/adebahr/apercal/ipython-notebooks/commissioning/APERTIF/Bandpass_stability.cfg successfully read! ###
09/28/2017 04:25:45 PM - masher - DEBUG : gpplt vis=3C286.mir log=/home/adebahr/apercal/temp/mirlog/C2DB8VHL options=bandpass 
09/28/2017 04:25:45 PM - basher - DEBUG : gpplt vis=3C286.mir log=/home/adebahr/apercal/temp/mirlog/C2DB8VHL options=bandpass 
09/28/2017 04:25:45 PM - basher - DEBUG : Command = gpplt vis=3C286.mir log=/home/adebahr/apercal/temp/mirlog/C2DB8VHL options=bandpass 
09/28/2017 04:25:45 PM - basher - DEBUG : 

gpplt: Revision (not recorded)


09/28/2017 04:25:45 PM - basher - DEBUG : ### Warning:  Error opening input 3C286.mir
### Fatal Error:  No such file or directory

09/28/2017 04:25:45 PM - basher - DEBUG : Returning output.
09/28/2017 04:26:28 PM - root - INFO : Logging started!
09/28/2017 04:26:28 PM - root - INFO : To see the log in a bash window use the following command:
09/28/2017 04:26:28 PM - root - INFO : tail -n +1 -f /home/adebahr/apercal/ipython-notebooks/commissioning/APERTIF/Bandpass_stability.log
09/28/2017 04:26:38 PM - CROSSCAL - INFO : ### Configuration file /home/adebahr/apercal/ipython-notebooks/commissioning/APERTIF/Bandpass_stability.cfg successfully read! ###
09/28/2017 04:26:40 PM - masher - DEBUG : gpplt vis=3C286.mir log=/home/adebahr/apercal/temp/mirlog/C2DB8VHL options=bandpass 
09/28/2017 04:26:40 PM - basher - DEBUG : gpplt vis=3C286.mir log=/home/adebahr/apercal/temp/mirlog/C2DB8VHL options=bandpass 
09/28/2017 04:26:40 PM - basher - DEBUG : Command = gpplt vis=3C286.mir log=/home/adebahr/apercal/temp/mirlog/C2DB8VHL options=bandpass 
09/28/2017 04:26:40 PM - basher - DEBUG : 

gpplt: Revision (not recorded)


09/28/2017 04:26:40 PM - basher - DEBUG : ### Warning:  Error opening input 3C286.mir
### Fatal Error:  No such file or directory

09/28/2017 04:26:40 PM - basher - DEBUG : Returning output.
09/28/2017 04:28:18 PM - masher - DEBUG : gpplt vis=3C286.mir log=/home/adebahr/apercal/temp/mirlog/1IYQDAU1 options=bandpass 
09/28/2017 04:28:18 PM - basher - DEBUG : gpplt vis=3C286.mir log=/home/adebahr/apercal/temp/mirlog/1IYQDAU1 options=bandpass 
09/28/2017 04:28:18 PM - basher - DEBUG : Command = gpplt vis=3C286.mir log=/home/adebahr/apercal/temp/mirlog/1IYQDAU1 options=bandpass 
09/28/2017 04:28:18 PM - basher - DEBUG : 

gpplt: Revision (not recorded)


09/28/2017 04:28:18 PM - basher - DEBUG : ### Warning:  Error opening input 3C286.mir
### Fatal Error:  No such file or directory

09/28/2017 04:28:18 PM - basher - DEBUG : Returning output.
09/28/2017 04:28:25 PM - CROSSCAL - INFO : ### Configuration file /home/adebahr/apercal/ipython-notebooks/commissioning/APERTIF/Bandpass_stability.cfg successfully read! ###
09/28/2017 04:28:41 PM - root - INFO : Logging started!
09/28/2017 04:28:41 PM - root - INFO : To see the log in a bash window use the following command:
09/28/2017 04:28:41 PM - root - INFO : tail -n +1 -f /home/adebahr/apercal/ipython-notebooks/commissioning/APERTIF/Bandpass_stability.log
09/28/2017 04:28:46 PM - CROSSCAL - INFO : ### Configuration file /home/adebahr/apercal/ipython-notebooks/commissioning/APERTIF/Bandpass_stability.cfg successfully read! ###
09/28/2017 04:28:47 PM - masher - DEBUG : mfcal vis=3C286.mir interval=120,120,120 stokes=XX 
09/28/2017 04:28:47 PM - basher - DEBUG : mfcal vis=3C286.mir interval=120,120,120 stokes=XX 
09/28/2017 04:28:47 PM - basher - DEBUG : Command = mfcal vis=3C286.mir interval=120,120,120 stokes=XX 
09/28/2017 04:28:47 PM - basher - DEBUG : 
MfCal: $Revision: 1.20 $, $Date: 2017/05/08 02:31:10 $

09/28/2017 04:28:47 PM - basher - DEBUG : ### Fatal Error:  File does not exist: 3C286.mir

09/28/2017 04:28:47 PM - basher - DEBUG : Returning output.
09/28/2017 04:28:51 PM - masher - DEBUG : gpplt vis=3C286.mir log=/home/adebahr/apercal/temp/mirlog/C2DB8VHL options=bandpass 
09/28/2017 04:28:51 PM - basher - DEBUG : gpplt vis=3C286.mir log=/home/adebahr/apercal/temp/mirlog/C2DB8VHL options=bandpass 
09/28/2017 04:28:51 PM - basher - DEBUG : Command = gpplt vis=3C286.mir log=/home/adebahr/apercal/temp/mirlog/C2DB8VHL options=bandpass 
09/28/2017 04:28:51 PM - basher - DEBUG : 

gpplt: Revision (not recorded)


09/28/2017 04:28:51 PM - basher - DEBUG : ### Warning:  Error opening input 3C286.mir
### Fatal Error:  No such file or directory

09/28/2017 04:28:51 PM - basher - DEBUG : Returning output.
09/29/2017 10:17:52 AM - root - INFO : Logging started!
09/29/2017 10:17:52 AM - root - INFO : To see the log in a bash window use the following command:
09/29/2017 10:17:52 AM - root - INFO : tail -n +1 -f /home/adebahr/apercal/ipython-notebooks/commissioning/APERTIF/Bandpass_stability.log
09/29/2017 10:18:20 AM - CROSSCAL - INFO : ### Configuration file /home/adebahr/apercal/ipython-notebooks/commissioning/APERTIF/Bandpass_stability.cfg successfully read! ###
09/29/2017 10:18:21 AM - masher - DEBUG : mfcal vis=3C286.mir interval=120,120,120 stokes=XX 
09/29/2017 10:18:21 AM - basher - DEBUG : mfcal vis=3C286.mir interval=120,120,120 stokes=XX 
09/29/2017 10:18:21 AM - basher - DEBUG : Command = mfcal vis=3C286.mir interval=120,120,120 stokes=XX 
09/29/2017 10:18:21 AM - basher - DEBUG : 
MfCal: $Revision: 1.20 $, $Date: 2017/05/08 02:31:10 $

09/29/2017 10:18:21 AM - basher - DEBUG : ### Fatal Error:  File does not exist: 3C286.mir

09/29/2017 10:18:21 AM - basher - DEBUG : Returning output.
09/29/2017 10:18:23 AM - masher - DEBUG : gpplt vis=3C286.mir log=/home/adebahr/apercal/temp/mirlog/C2DB8VHL options=bandpass 
09/29/2017 10:18:23 AM - basher - DEBUG : gpplt vis=3C286.mir log=/home/adebahr/apercal/temp/mirlog/C2DB8VHL options=bandpass 
09/29/2017 10:18:23 AM - basher - DEBUG : Command = gpplt vis=3C286.mir log=/home/adebahr/apercal/temp/mirlog/C2DB8VHL options=bandpass 
09/29/2017 10:18:23 AM - basher - DEBUG : 

gpplt: Revision (not recorded)


09/29/2017 10:18:23 AM - basher - DEBUG : ### Warning:  Error opening input 3C286.mir
### Fatal Error:  No such file or directory

09/29/2017 10:18:23 AM - basher - DEBUG : Returning output.
09/29/2017 10:24:40 AM - root - INFO : Logging started!
09/29/2017 10:24:40 AM - root - INFO : To see the log in a bash window use the following command:
09/29/2017 10:24:40 AM - root - INFO : tail -n +1 -f /home/adebahr/apercal/ipython-notebooks/commissioning/APERTIF/Bandpass_stability.log
09/29/2017 10:24:45 AM - CROSSCAL - INFO : ### Configuration file /home/adebahr/apercal/ipython-notebooks/commissioning/APERTIF/Bandpass_stability.cfg successfully read! ###
09/29/2017 10:24:46 AM - masher - DEBUG : mfcal vis=3C286.mir interval=120,120,120 stokes=XX 
09/29/2017 10:24:46 AM - basher - DEBUG : mfcal vis=3C286.mir interval=120,120,120 stokes=XX 
09/29/2017 10:24:46 AM - basher - DEBUG : Command = mfcal vis=3C286.mir interval=120,120,120 stokes=XX 
09/29/2017 10:24:46 AM - basher - DEBUG : 
MfCal: $Revision: 1.20 $, $Date: 2017/05/08 02:31:10 $

09/29/2017 10:24:46 AM - basher - DEBUG : ### Fatal Error:  File does not exist: 3C286.mir

09/29/2017 10:24:46 AM - basher - DEBUG : Returning output.
09/29/2017 10:24:47 AM - masher - DEBUG : gpplt vis=3C286.mir log=/home/adebahr/apercal/temp/mirlog/C2DB8VHL options=bandpass 
09/29/2017 10:24:47 AM - basher - DEBUG : gpplt vis=3C286.mir log=/home/adebahr/apercal/temp/mirlog/C2DB8VHL options=bandpass 
09/29/2017 10:24:47 AM - basher - DEBUG : Command = gpplt vis=3C286.mir log=/home/adebahr/apercal/temp/mirlog/C2DB8VHL options=bandpass 
09/29/2017 10:24:47 AM - basher - DEBUG : 

gpplt: Revision (not recorded)


09/29/2017 10:24:47 AM - basher - DEBUG : ### Warning:  Error opening input 3C286.mir
### Fatal Error:  No such file or directory

09/29/2017 10:24:47 AM - basher - DEBUG : Returning output.
09/29/2017 10:29:29 AM - root - INFO : Logging started!
09/29/2017 10:29:29 AM - root - INFO : To see the log in a bash window use the following command:
09/29/2017 10:29:29 AM - root - INFO : tail -n +1 -f /home/adebahr/apercal/ipython-notebooks/commissioning/APERTIF/Bandpass_stability.log
09/29/2017 10:29:44 AM - CROSSCAL - INFO : ### Configuration file /home/adebahr/apercal/ipython-notebooks/commissioning/APERTIF/Bandpass_stability.cfg successfully read! ###
09/29/2017 10:29:44 AM - masher - DEBUG : mfcal vis=3C286.mir interval=120,120,120 stokes=XX 
09/29/2017 10:29:44 AM - basher - DEBUG : mfcal vis=3C286.mir interval=120,120,120 stokes=XX 
09/29/2017 10:29:44 AM - basher - DEBUG : Command = mfcal vis=3C286.mir interval=120,120,120 stokes=XX 
09/29/2017 10:29:44 AM - basher - DEBUG : 
MfCal: $Revision: 1.20 $, $Date: 2017/05/08 02:31:10 $

09/29/2017 10:29:44 AM - basher - DEBUG : ### Fatal Error:  File does not exist: 3C286.mir

09/29/2017 10:29:44 AM - basher - DEBUG : Returning output.
09/29/2017 10:29:45 AM - masher - DEBUG : gpplt vis=3C286.mir log=/home/adebahr/apercal/temp/mirlog/C2DB8VHL options=bandpass 
09/29/2017 10:29:45 AM - basher - DEBUG : gpplt vis=3C286.mir log=/home/adebahr/apercal/temp/mirlog/C2DB8VHL options=bandpass 
09/29/2017 10:29:46 AM - basher - DEBUG : Command = gpplt vis=3C286.mir log=/home/adebahr/apercal/temp/mirlog/C2DB8VHL options=bandpass 
09/29/2017 10:29:46 AM - basher - DEBUG : 

gpplt: Revision (not recorded)


09/29/2017 10:29:46 AM - basher - DEBUG : ### Warning:  Error opening input 3C286.mir
### Fatal Error:  No such file or directory

09/29/2017 10:29:46 AM - basher - DEBUG : Returning output.
09/29/2017 10:32:06 AM - root - INFO : Logging started!
09/29/2017 10:32:06 AM - root - INFO : To see the log in a bash window use the following command:
09/29/2017 10:32:06 AM - root - INFO : tail -n +1 -f /home/adebahr/apercal/ipython-notebooks/commissioning/APERTIF/Bandpass_stability.log
09/29/2017 10:32:15 AM - CROSSCAL - INFO : ### Configuration file /home/adebahr/apercal/ipython-notebooks/commissioning/APERTIF/Bandpass_stability.cfg successfully read! ###
09/29/2017 10:32:16 AM - masher - DEBUG : mfcal vis=3C286.mir interval=120,120,120 stokes=XX 
09/29/2017 10:32:16 AM - basher - DEBUG : mfcal vis=3C286.mir interval=120,120,120 stokes=XX 
09/29/2017 10:32:16 AM - basher - DEBUG : Command = mfcal vis=3C286.mir interval=120,120,120 stokes=XX 
09/29/2017 10:32:16 AM - basher - DEBUG : 
MfCal: $Revision: 1.20 $, $Date: 2017/05/08 02:31:10 $

09/29/2017 10:32:16 AM - basher - DEBUG : ### Fatal Error:  File does not exist: 3C286.mir

09/29/2017 10:32:16 AM - basher - DEBUG : Returning output.
09/29/2017 10:32:19 AM - masher - DEBUG : gpplt vis=3C286.mir log=/home/adebahr/apercal/temp/mirlog/C2DB8VHL options=bandpass 
09/29/2017 10:32:19 AM - basher - DEBUG : gpplt vis=3C286.mir log=/home/adebahr/apercal/temp/mirlog/C2DB8VHL options=bandpass 
09/29/2017 10:32:19 AM - basher - DEBUG : Command = gpplt vis=3C286.mir log=/home/adebahr/apercal/temp/mirlog/C2DB8VHL options=bandpass 
09/29/2017 10:32:19 AM - basher - DEBUG : 

gpplt: Revision (not recorded)


09/29/2017 10:32:19 AM - basher - DEBUG : ### Warning:  Error opening input 3C286.mir
### Fatal Error:  No such file or directory

09/29/2017 10:32:19 AM - basher - DEBUG : Returning output.
09/29/2017 10:33:22 AM - root - INFO : Logging started!
09/29/2017 10:33:22 AM - root - INFO : To see the log in a bash window use the following command:
09/29/2017 10:33:22 AM - root - INFO : tail -n +1 -f /home/adebahr/apercal/ipython-notebooks/commissioning/APERTIF/Bandpass_stability.log
09/29/2017 10:33:26 AM - CROSSCAL - INFO : ### Configuration file /home/adebahr/apercal/ipython-notebooks/commissioning/APERTIF/Bandpass_stability.cfg successfully read! ###
09/29/2017 10:33:27 AM - masher - DEBUG : mfcal vis=3C286.mir interval=120,120,120 stokes=XX 
09/29/2017 10:33:27 AM - basher - DEBUG : mfcal vis=3C286.mir interval=120,120,120 stokes=XX 
09/29/2017 10:33:27 AM - basher - DEBUG : Command = mfcal vis=3C286.mir interval=120,120,120 stokes=XX 
09/29/2017 10:33:27 AM - basher - DEBUG : 
MfCal: $Revision: 1.20 $, $Date: 2017/05/08 02:31:10 $

09/29/2017 10:33:27 AM - basher - DEBUG : ### Fatal Error:  File does not exist: 3C286.mir

09/29/2017 10:33:27 AM - basher - DEBUG : Returning output.
09/29/2017 10:33:32 AM - masher - DEBUG : gpplt vis=3C286.mir log=/home/adebahr/apercal/temp/mirlog/C2DB8VHL options=bandpass 
09/29/2017 10:33:32 AM - basher - DEBUG : gpplt vis=3C286.mir log=/home/adebahr/apercal/temp/mirlog/C2DB8VHL options=bandpass 
09/29/2017 10:33:33 AM - basher - DEBUG : Command = gpplt vis=3C286.mir log=/home/adebahr/apercal/temp/mirlog/C2DB8VHL options=bandpass 
09/29/2017 10:33:33 AM - basher - DEBUG : 

gpplt: Revision (not recorded)


09/29/2017 10:33:33 AM - basher - DEBUG : ### Warning:  Error opening input 3C286.mir
### Fatal Error:  No such file or directory

09/29/2017 10:33:33 AM - basher - DEBUG : Returning output.
09/29/2017 10:34:30 AM - root - INFO : Logging started!
09/29/2017 10:34:30 AM - root - INFO : To see the log in a bash window use the following command:
09/29/2017 10:34:30 AM - root - INFO : tail -n +1 -f /home/adebahr/apercal/ipython-notebooks/commissioning/APERTIF/Bandpass_stability.log
09/29/2017 10:34:36 AM - CROSSCAL - INFO : ### Configuration file /home/adebahr/apercal/ipython-notebooks/commissioning/APERTIF/Bandpass_stability.cfg successfully read! ###
09/29/2017 10:34:38 AM - masher - DEBUG : mfcal vis=3C286.mir interval=120,120,120 stokes=XX 
09/29/2017 10:34:38 AM - basher - DEBUG : mfcal vis=3C286.mir interval=120,120,120 stokes=XX 
09/29/2017 10:34:38 AM - basher - DEBUG : Command = mfcal vis=3C286.mir interval=120,120,120 stokes=XX 
09/29/2017 10:34:38 AM - basher - DEBUG : 
MfCal: $Revision: 1.20 $, $Date: 2017/05/08 02:31:10 $

09/29/2017 10:34:38 AM - basher - DEBUG : ### Fatal Error:  File does not exist: 3C286.mir

09/29/2017 10:34:38 AM - basher - DEBUG : Returning output.
09/29/2017 10:34:39 AM - masher - DEBUG : gpplt vis=3C286.mir log=/home/adebahr/apercal/temp/mirlog/C2DB8VHL options=bandpass 
09/29/2017 10:34:39 AM - basher - DEBUG : gpplt vis=3C286.mir log=/home/adebahr/apercal/temp/mirlog/C2DB8VHL options=bandpass 
09/29/2017 10:34:39 AM - basher - DEBUG : Command = gpplt vis=3C286.mir log=/home/adebahr/apercal/temp/mirlog/C2DB8VHL options=bandpass 
09/29/2017 10:34:39 AM - basher - DEBUG : 

gpplt: Revision (not recorded)


09/29/2017 10:34:39 AM - basher - DEBUG : ### Warning:  Error opening input 3C286.mir
### Fatal Error:  No such file or directory

09/29/2017 10:34:39 AM - basher - DEBUG : Returning output.
09/29/2017 10:35:22 AM - root - INFO : Logging started!
09/29/2017 10:35:22 AM - root - INFO : To see the log in a bash window use the following command:
09/29/2017 10:35:22 AM - root - INFO : tail -n +1 -f /home/adebahr/apercal/ipython-notebooks/commissioning/APERTIF/Bandpass_stability.log
09/29/2017 10:35:27 AM - CROSSCAL - INFO : ### Configuration file /home/adebahr/apercal/ipython-notebooks/commissioning/APERTIF/Bandpass_stability.cfg successfully read! ###
09/29/2017 10:35:28 AM - masher - DEBUG : mfcal vis=3C286.mir interval=120,120,120 stokes=XX 
09/29/2017 10:35:28 AM - basher - DEBUG : mfcal vis=3C286.mir interval=120,120,120 stokes=XX 
09/29/2017 10:35:28 AM - basher - DEBUG : Command = mfcal vis=3C286.mir interval=120,120,120 stokes=XX 
09/29/2017 10:35:28 AM - basher - DEBUG : 
MfCal: $Revision: 1.20 $, $Date: 2017/05/08 02:31:10 $

09/29/2017 10:35:28 AM - basher - DEBUG : ### Fatal Error:  File does not exist: 3C286.mir

09/29/2017 10:35:28 AM - basher - DEBUG : Returning output.
09/29/2017 10:35:29 AM - masher - DEBUG : gpplt vis=3C286.mir log=/home/adebahr/apercal/temp/mirlog/C2DB8VHL options=bandpass 
09/29/2017 10:35:29 AM - basher - DEBUG : gpplt vis=3C286.mir log=/home/adebahr/apercal/temp/mirlog/C2DB8VHL options=bandpass 
09/29/2017 10:35:29 AM - basher - DEBUG : Command = gpplt vis=3C286.mir log=/home/adebahr/apercal/temp/mirlog/C2DB8VHL options=bandpass 
09/29/2017 10:35:29 AM - basher - DEBUG : 

gpplt: Revision (not recorded)


09/29/2017 10:35:29 AM - basher - DEBUG : ### Warning:  Error opening input 3C286.mir
### Fatal Error:  No such file or directory

09/29/2017 10:35:29 AM - basher - DEBUG : Returning output.
09/29/2017 11:49:16 AM - root - INFO : Logging started!
09/29/2017 11:49:16 AM - root - INFO : To see the log in a bash window use the following command:
09/29/2017 11:49:16 AM - root - INFO : tail -n +1 -f /home/adebahr/apercal/ipython-notebooks/commissioning/APERTIF/Bandpass_stability.log
09/29/2017 11:49:21 AM - CROSSCAL - INFO : ### Configuration file /home/adebahr/apercal/ipython-notebooks/commissioning/APERTIF/Bandpass_stability.cfg successfully read! ###
09/29/2017 11:49:22 AM - masher - DEBUG : mfcal vis=3C286.mir interval=120,120,120 stokes=XX 
09/29/2017 11:49:22 AM - basher - DEBUG : mfcal vis=3C286.mir interval=120,120,120 stokes=XX 
09/29/2017 11:49:22 AM - basher - DEBUG : Command = mfcal vis=3C286.mir interval=120,120,120 stokes=XX 
09/29/2017 11:49:22 AM - basher - DEBUG : 
MfCal: $Revision: 1.20 $, $Date: 2017/05/08 02:31:10 $

09/29/2017 11:49:22 AM - basher - DEBUG : ### Fatal Error:  File does not exist: 3C286.mir

09/29/2017 11:49:22 AM - basher - DEBUG : Returning output.
09/29/2017 11:49:23 AM - masher - DEBUG : gpplt vis=3C286.mir log=/home/adebahr/apercal/temp/mirlog/C2DB8VHL options=bandpass 
09/29/2017 11:49:23 AM - basher - DEBUG : gpplt vis=3C286.mir log=/home/adebahr/apercal/temp/mirlog/C2DB8VHL options=bandpass 
09/29/2017 11:49:23 AM - basher - DEBUG : Command = gpplt vis=3C286.mir log=/home/adebahr/apercal/temp/mirlog/C2DB8VHL options=bandpass 
09/29/2017 11:49:23 AM - basher - DEBUG : 

gpplt: Revision (not recorded)


09/29/2017 11:49:23 AM - basher - DEBUG : ### Warning:  Error opening input 3C286.mir
### Fatal Error:  No such file or directory

09/29/2017 11:49:23 AM - basher - DEBUG : Returning output.
09/29/2017 12:00:43 PM - root - INFO : Logging started!
09/29/2017 12:00:43 PM - root - INFO : To see the log in a bash window use the following command:
09/29/2017 12:00:43 PM - root - INFO : tail -n +1 -f /home/adebahr/apercal/ipython-notebooks/commissioning/APERTIF/Bandpass_stability.log
09/29/2017 12:00:49 PM - CROSSCAL - INFO : ### Configuration file /home/adebahr/apercal/ipython-notebooks/commissioning/APERTIF/Bandpass_stability.cfg successfully read! ###
09/29/2017 12:00:50 PM - masher - DEBUG : mfcal vis=3C286.mir interval=120,120,120 stokes=XX 
09/29/2017 12:00:50 PM - basher - DEBUG : mfcal vis=3C286.mir interval=120,120,120 stokes=XX 
09/29/2017 12:00:50 PM - basher - DEBUG : Command = mfcal vis=3C286.mir interval=120,120,120 stokes=XX 
09/29/2017 12:00:50 PM - basher - DEBUG : 
MfCal: $Revision: 1.20 $, $Date: 2017/05/08 02:31:10 $

09/29/2017 12:00:50 PM - basher - DEBUG : ### Fatal Error:  File does not exist: 3C286.mir

09/29/2017 12:00:50 PM - basher - DEBUG : Returning output.
09/29/2017 12:00:51 PM - masher - DEBUG : gpplt vis=3C286.mir log=/home/adebahr/apercal/temp/mirlog/C2DB8VHL options=bandpass 
09/29/2017 12:00:51 PM - basher - DEBUG : gpplt vis=3C286.mir log=/home/adebahr/apercal/temp/mirlog/C2DB8VHL options=bandpass 
09/29/2017 12:00:51 PM - basher - DEBUG : Command = gpplt vis=3C286.mir log=/home/adebahr/apercal/temp/mirlog/C2DB8VHL options=bandpass 
09/29/2017 12:00:51 PM - basher - DEBUG : 

gpplt: Revision (not recorded)


09/29/2017 12:00:51 PM - basher - DEBUG : ### Warning:  Error opening input 3C286.mir
### Fatal Error:  No such file or directory

09/29/2017 12:00:51 PM - basher - DEBUG : Returning output.
09/29/2017 12:35:50 PM - root - INFO : Logging started!
09/29/2017 12:35:50 PM - root - INFO : To see the log in a bash window use the following command:
09/29/2017 12:35:50 PM - root - INFO : tail -n +1 -f /home/adebahr/apercal/ipython-notebooks/commissioning/APERTIF/Bandpass_stability.log
09/29/2017 12:35:56 PM - CROSSCAL - INFO : ### Configuration file /home/adebahr/apercal/ipython-notebooks/commissioning/APERTIF/Bandpass_stability.cfg successfully read! ###
09/29/2017 12:35:56 PM - masher - DEBUG : mfcal vis=3C286.mir interval=120,120,120 stokes=XX 
09/29/2017 12:35:56 PM - basher - DEBUG : mfcal vis=3C286.mir interval=120,120,120 stokes=XX 
09/29/2017 12:35:56 PM - basher - DEBUG : Command = mfcal vis=3C286.mir interval=120,120,120 stokes=XX 
09/29/2017 12:35:56 PM - basher - DEBUG : 
MfCal: $Revision: 1.20 $, $Date: 2017/05/08 02:31:10 $

09/29/2017 12:35:56 PM - basher - DEBUG : ### Fatal Error:  File does not exist: 3C286.mir

09/29/2017 12:35:56 PM - basher - DEBUG : Returning output.
09/29/2017 12:35:57 PM - masher - DEBUG : gpplt vis=3C286.mir log=/home/adebahr/apercal/temp/mirlog/C2DB8VHL options=bandpass 
09/29/2017 12:35:57 PM - basher - DEBUG : gpplt vis=3C286.mir log=/home/adebahr/apercal/temp/mirlog/C2DB8VHL options=bandpass 
09/29/2017 12:35:57 PM - basher - DEBUG : Command = gpplt vis=3C286.mir log=/home/adebahr/apercal/temp/mirlog/C2DB8VHL options=bandpass 
09/29/2017 12:35:57 PM - basher - DEBUG : 

gpplt: Revision (not recorded)


09/29/2017 12:35:57 PM - basher - DEBUG : ### Warning:  Error opening input 3C286.mir
### Fatal Error:  No such file or directory

09/29/2017 12:35:57 PM - basher - DEBUG : Returning output.
09/29/2017 12:38:44 PM - root - INFO : Logging started!
09/29/2017 12:38:44 PM - root - INFO : To see the log in a bash window use the following command:
09/29/2017 12:38:44 PM - root - INFO : tail -n +1 -f /home/adebahr/apercal/ipython-notebooks/commissioning/APERTIF/Bandpass_stability.log
09/29/2017 12:38:48 PM - CROSSCAL - INFO : ### Configuration file /home/adebahr/apercal/ipython-notebooks/commissioning/APERTIF/Bandpass_stability.cfg successfully read! ###
09/29/2017 12:38:50 PM - masher - DEBUG : mfcal vis=3C286.mir interval=120,120,120 stokes=XX 
09/29/2017 12:38:50 PM - basher - DEBUG : mfcal vis=3C286.mir interval=120,120,120 stokes=XX 
09/29/2017 12:38:50 PM - basher - DEBUG : Command = mfcal vis=3C286.mir interval=120,120,120 stokes=XX 
09/29/2017 12:38:50 PM - basher - DEBUG : 
MfCal: $Revision: 1.20 $, $Date: 2017/05/08 02:31:10 $

09/29/2017 12:38:50 PM - basher - DEBUG : ### Fatal Error:  File does not exist: 3C286.mir

09/29/2017 12:38:50 PM - basher - DEBUG : Returning output.
09/29/2017 12:38:51 PM - masher - DEBUG : gpplt vis=3C286.mir log=/home/adebahr/apercal/temp/mirlog/C2DB8VHL options=bandpass 
09/29/2017 12:38:51 PM - basher - DEBUG : gpplt vis=3C286.mir log=/home/adebahr/apercal/temp/mirlog/C2DB8VHL options=bandpass 
09/29/2017 12:38:51 PM - basher - DEBUG : Command = gpplt vis=3C286.mir log=/home/adebahr/apercal/temp/mirlog/C2DB8VHL options=bandpass 
09/29/2017 12:38:51 PM - basher - DEBUG : 

gpplt: Revision (not recorded)


09/29/2017 12:38:51 PM - basher - DEBUG : ### Warning:  Error opening input 3C286.mir
### Fatal Error:  No such file or directory

09/29/2017 12:38:51 PM - basher - DEBUG : Returning output.
09/29/2017 12:39:46 PM - root - INFO : Logging started!
09/29/2017 12:39:46 PM - root - INFO : To see the log in a bash window use the following command:
09/29/2017 12:39:46 PM - root - INFO : tail -n +1 -f /home/adebahr/apercal/ipython-notebooks/commissioning/APERTIF/Bandpass_stability.log
09/29/2017 12:39:52 PM - CROSSCAL - INFO : ### Configuration file /home/adebahr/apercal/ipython-notebooks/commissioning/APERTIF/Bandpass_stability.cfg successfully read! ###
09/29/2017 12:39:53 PM - masher - DEBUG : mfcal vis=3C286.mir interval=120,120,120 stokes=XX 
09/29/2017 12:39:53 PM - basher - DEBUG : mfcal vis=3C286.mir interval=120,120,120 stokes=XX 
09/29/2017 12:39:53 PM - basher - DEBUG : Command = mfcal vis=3C286.mir interval=120,120,120 stokes=XX 
09/29/2017 12:39:53 PM - basher - DEBUG : 
MfCal: $Revision: 1.20 $, $Date: 2017/05/08 02:31:10 $

09/29/2017 12:39:53 PM - basher - DEBUG : ### Fatal Error:  File does not exist: 3C286.mir

09/29/2017 12:39:53 PM - basher - DEBUG : Returning output.
09/29/2017 12:39:54 PM - masher - DEBUG : gpplt vis=3C286.mir log=/home/adebahr/apercal/temp/mirlog/C2DB8VHL options=bandpass 
09/29/2017 12:39:54 PM - basher - DEBUG : gpplt vis=3C286.mir log=/home/adebahr/apercal/temp/mirlog/C2DB8VHL options=bandpass 
09/29/2017 12:39:54 PM - basher - DEBUG : Command = gpplt vis=3C286.mir log=/home/adebahr/apercal/temp/mirlog/C2DB8VHL options=bandpass 
09/29/2017 12:39:54 PM - basher - DEBUG : 

gpplt: Revision (not recorded)


09/29/2017 12:39:54 PM - basher - DEBUG : ### Warning:  Error opening input 3C286.mir
### Fatal Error:  No such file or directory

09/29/2017 12:39:54 PM - basher - DEBUG : Returning output.
09/29/2017 12:40:36 PM - root - INFO : Logging started!
09/29/2017 12:40:36 PM - root - INFO : To see the log in a bash window use the following command:
09/29/2017 12:40:36 PM - root - INFO : tail -n +1 -f /home/adebahr/apercal/ipython-notebooks/commissioning/APERTIF/Bandpass_stability.log
09/29/2017 12:40:50 PM - CROSSCAL - INFO : ### Configuration file /home/adebahr/apercal/ipython-notebooks/commissioning/APERTIF/Bandpass_stability.cfg successfully read! ###
09/29/2017 12:40:51 PM - masher - DEBUG : mfcal vis=3C286.mir interval=120,120,120 stokes=XX 
09/29/2017 12:40:51 PM - basher - DEBUG : mfcal vis=3C286.mir interval=120,120,120 stokes=XX 
09/29/2017 12:40:51 PM - basher - DEBUG : Command = mfcal vis=3C286.mir interval=120,120,120 stokes=XX 
09/29/2017 12:40:51 PM - basher - DEBUG : 
MfCal: $Revision: 1.20 $, $Date: 2017/05/08 02:31:10 $

09/29/2017 12:40:51 PM - basher - DEBUG : ### Fatal Error:  File does not exist: 3C286.mir

09/29/2017 12:40:51 PM - basher - DEBUG : Returning output.
09/29/2017 12:40:52 PM - masher - DEBUG : gpplt vis=3C286.mir log=/home/adebahr/apercal/temp/mirlog/C2DB8VHL options=bandpass 
09/29/2017 12:40:52 PM - basher - DEBUG : gpplt vis=3C286.mir log=/home/adebahr/apercal/temp/mirlog/C2DB8VHL options=bandpass 
09/29/2017 12:40:52 PM - basher - DEBUG : Command = gpplt vis=3C286.mir log=/home/adebahr/apercal/temp/mirlog/C2DB8VHL options=bandpass 
09/29/2017 12:40:52 PM - basher - DEBUG : 

gpplt: Revision (not recorded)


09/29/2017 12:40:52 PM - basher - DEBUG : ### Warning:  Error opening input 3C286.mir
### Fatal Error:  No such file or directory

09/29/2017 12:40:52 PM - basher - DEBUG : Returning output.
09/29/2017 12:44:34 PM - root - INFO : Logging started!
09/29/2017 12:44:34 PM - root - INFO : To see the log in a bash window use the following command:
09/29/2017 12:44:34 PM - root - INFO : tail -n +1 -f /home/adebahr/apercal/ipython-notebooks/commissioning/APERTIF/Bandpass_stability.log
09/29/2017 12:44:38 PM - CROSSCAL - INFO : ### Configuration file /home/adebahr/apercal/ipython-notebooks/commissioning/APERTIF/Bandpass_stability.cfg successfully read! ###
09/29/2017 12:44:39 PM - masher - DEBUG : mfcal vis=3C286.mir interval=120,120,120 stokes=XX 
09/29/2017 12:44:39 PM - basher - DEBUG : mfcal vis=3C286.mir interval=120,120,120 stokes=XX 
09/29/2017 12:44:39 PM - basher - DEBUG : Command = mfcal vis=3C286.mir interval=120,120,120 stokes=XX 
09/29/2017 12:44:39 PM - basher - DEBUG : 
MfCal: $Revision: 1.20 $, $Date: 2017/05/08 02:31:10 $

09/29/2017 12:44:39 PM - basher - DEBUG : ### Fatal Error:  File does not exist: 3C286.mir

09/29/2017 12:44:39 PM - basher - DEBUG : Returning output.
09/29/2017 12:44:41 PM - masher - DEBUG : gpplt vis=3C286.mir log=/home/adebahr/apercal/temp/mirlog/C2DB8VHL options=bandpass 
09/29/2017 12:44:41 PM - basher - DEBUG : gpplt vis=3C286.mir log=/home/adebahr/apercal/temp/mirlog/C2DB8VHL options=bandpass 
09/29/2017 12:44:41 PM - basher - DEBUG : Command = gpplt vis=3C286.mir log=/home/adebahr/apercal/temp/mirlog/C2DB8VHL options=bandpass 
09/29/2017 12:44:41 PM - basher - DEBUG : 

gpplt: Revision (not recorded)


09/29/2017 12:44:41 PM - basher - DEBUG : ### Warning:  Error opening input 3C286.mir
### Fatal Error:  No such file or directory

09/29/2017 12:44:41 PM - basher - DEBUG : Returning output.
09/29/2017 12:49:11 PM - root - INFO : Logging started!
09/29/2017 12:49:11 PM - root - INFO : To see the log in a bash window use the following command:
09/29/2017 12:49:11 PM - root - INFO : tail -n +1 -f /home/adebahr/apercal/ipython-notebooks/commissioning/APERTIF/Bandpass_stability.log
09/29/2017 12:49:16 PM - CROSSCAL - INFO : ### Configuration file /home/adebahr/apercal/ipython-notebooks/commissioning/APERTIF/Bandpass_stability.cfg successfully read! ###
09/29/2017 12:49:17 PM - masher - DEBUG : mfcal vis=3C286.mir interval=120,120,120 stokes=XX 
09/29/2017 12:49:17 PM - basher - DEBUG : mfcal vis=3C286.mir interval=120,120,120 stokes=XX 
09/29/2017 12:49:17 PM - basher - DEBUG : Command = mfcal vis=3C286.mir interval=120,120,120 stokes=XX 
09/29/2017 12:49:17 PM - basher - DEBUG : 
MfCal: $Revision: 1.20 $, $Date: 2017/05/08 02:31:10 $

09/29/2017 12:49:17 PM - basher - DEBUG : ### Fatal Error:  File does not exist: 3C286.mir

09/29/2017 12:49:17 PM - basher - DEBUG : Returning output.
09/29/2017 12:49:18 PM - masher - DEBUG : gpplt vis=3C286.mir log=/home/adebahr/apercal/temp/mirlog/C2DB8VHL options=bandpass 
09/29/2017 12:49:18 PM - basher - DEBUG : gpplt vis=3C286.mir log=/home/adebahr/apercal/temp/mirlog/C2DB8VHL options=bandpass 
09/29/2017 12:49:18 PM - basher - DEBUG : Command = gpplt vis=3C286.mir log=/home/adebahr/apercal/temp/mirlog/C2DB8VHL options=bandpass 
09/29/2017 12:49:18 PM - basher - DEBUG : 

gpplt: Revision (not recorded)


09/29/2017 12:49:18 PM - basher - DEBUG : ### Warning:  Error opening input 3C286.mir
### Fatal Error:  No such file or directory

09/29/2017 12:49:18 PM - basher - DEBUG : Returning output.
09/29/2017 01:07:50 PM - root - INFO : Logging started!
09/29/2017 01:07:50 PM - root - INFO : To see the log in a bash window use the following command:
09/29/2017 01:07:50 PM - root - INFO : tail -n +1 -f /home/adebahr/apercal/ipython-notebooks/commissioning/APERTIF/Bandpass_stability.log
09/29/2017 01:07:53 PM - PREFLAG - INFO : ### Configuration file /home/adebahr/apercal/ipython-notebooks/commissioning/APERTIF/Bandpass_stability.cfg successfully read! ###
09/29/2017 01:07:54 PM - PREFLAG - INFO : ### Starting pre-flagging of known flags ###
09/29/2017 01:07:54 PM - PREFLAG - INFO : # Moved to directory /data/adebahr/apertif/090808_3C286/raw #
09/29/2017 01:07:54 PM - PREFLAG - INFO : # Flagging auto-correlations for flux calibrator data #
09/29/2017 01:08:00 PM - PREFLAG - INFO : # Auto-correlation flagging for flux calibrator data done #
09/29/2017 01:08:00 PM - PREFLAG - INFO : # Flagging shadowed antennas for flux calibrator data #
09/29/2017 01:08:04 PM - PREFLAG - INFO : # Flagging of shadowed antennas for flux calibrator data done #
09/29/2017 01:08:04 PM - PREFLAG - INFO : # Flagging timerange 19:45:0~21:00:0 for flux calibrator data #
09/29/2017 01:08:06 PM - PREFLAG - INFO : # Flagging of timerange 19:45:0~21:00:0 for flux calibrator data done #
09/29/2017 01:08:06 PM - PREFLAG - INFO : ### Pre-flagging of known flags done ###
09/29/2017 01:08:06 PM - PREFLAG - INFO : ### Doing pre-flagging with AOFlagger ###
09/29/2017 01:18:26 PM - root - INFO : Logging started!
09/29/2017 01:18:26 PM - root - INFO : To see the log in a bash window use the following command:
09/29/2017 01:18:26 PM - root - INFO : tail -n +1 -f /home/adebahr/apercal/ipython-notebooks/commissioning/APERTIF/Bandpass_stability.log
09/29/2017 01:18:28 PM - PREFLAG - INFO : ### Configuration file /home/adebahr/apercal/ipython-notebooks/commissioning/APERTIF/Bandpass_stability.cfg successfully read! ###
09/29/2017 01:18:48 PM - PREFLAG - INFO : ### Starting pre-flagging of known flags ###
09/29/2017 01:18:48 PM - PREFLAG - INFO : # Moved to directory /data/adebahr/apertif/090808_3C286/raw #
09/29/2017 01:18:48 PM - PREFLAG - INFO : # Flagging auto-correlations for flux calibrator data #
09/29/2017 01:18:53 PM - PREFLAG - INFO : # Auto-correlation flagging for flux calibrator data done #
09/29/2017 01:18:53 PM - PREFLAG - INFO : # Flagging correlation(s) XY,YX,YY for flux calibrator data #
09/29/2017 01:19:04 PM - PREFLAG - INFO : # Flagging of correlation(s) XY,YX,YY for flux calibrator data done #
09/29/2017 01:19:04 PM - PREFLAG - INFO : # Flagging shadowed antennas for flux calibrator data #
09/29/2017 01:19:08 PM - PREFLAG - INFO : # Flagging of shadowed antennas for flux calibrator data done #
09/29/2017 01:19:08 PM - PREFLAG - INFO : # Flagging timerange 19:45:0~21:00:0 for flux calibrator data #
09/29/2017 01:19:10 PM - PREFLAG - INFO : # Flagging of timerange 19:45:0~21:00:0 for flux calibrator data done #
09/29/2017 01:19:10 PM - PREFLAG - INFO : ### Pre-flagging of known flags done ###
09/29/2017 01:19:10 PM - PREFLAG - INFO : ### Doing pre-flagging with AOFlagger ###
09/29/2017 01:24:07 PM - root - INFO : Logging started!
09/29/2017 01:24:07 PM - root - INFO : To see the log in a bash window use the following command:
09/29/2017 01:24:07 PM - root - INFO : tail -n +1 -f /home/adebahr/apercal/ipython-notebooks/commissioning/APERTIF/Bandpass_stability.log
09/29/2017 01:24:09 PM - PREFLAG - INFO : ### Configuration file /home/adebahr/apercal/ipython-notebooks/commissioning/APERTIF/Bandpass_stability.cfg successfully read! ###
09/29/2017 01:24:12 PM - PREFLAG - INFO : ### Starting pre-flagging of known flags ###
09/29/2017 01:24:12 PM - PREFLAG - INFO : # Moved to directory /data/adebahr/apertif/090808_3C286/raw #
09/29/2017 01:24:12 PM - PREFLAG - INFO : # Flagging auto-correlations for flux calibrator data #
09/29/2017 01:24:17 PM - PREFLAG - INFO : # Auto-correlation flagging for flux calibrator data done #
09/29/2017 01:24:17 PM - PREFLAG - INFO : # Flagging correlation(s) XY,YX,YY for flux calibrator data #
09/29/2017 01:24:27 PM - PREFLAG - INFO : # Flagging of correlation(s) XY,YX,YY for flux calibrator data done #
09/29/2017 01:24:27 PM - PREFLAG - INFO : # Flagging shadowed antennas for flux calibrator data #
09/29/2017 01:24:31 PM - PREFLAG - INFO : # Flagging of shadowed antennas for flux calibrator data done #
09/29/2017 01:24:31 PM - PREFLAG - INFO : # Flagging timerange 19:45:0~21:00:0 for flux calibrator data #
09/29/2017 01:24:33 PM - PREFLAG - INFO : # Flagging of timerange 19:45:0~21:00:0 for flux calibrator data done #
09/29/2017 01:24:33 PM - PREFLAG - INFO : ### Pre-flagging of known flags done ###
09/29/2017 01:24:33 PM - PREFLAG - INFO : ### Doing pre-flagging with AOFlagger ###
09/29/2017 01:27:44 PM - root - INFO : Logging started!
09/29/2017 01:27:44 PM - root - INFO : To see the log in a bash window use the following command:
09/29/2017 01:27:44 PM - root - INFO : tail -n +1 -f /home/adebahr/apercal/ipython-notebooks/commissioning/APERTIF/Bandpass_stability.log
09/29/2017 01:27:46 PM - PREFLAG - INFO : ### Configuration file /home/adebahr/apercal/ipython-notebooks/commissioning/APERTIF/Bandpass_stability.cfg successfully read! ###
09/29/2017 01:27:47 PM - PREFLAG - INFO : ### Starting pre-flagging of known flags ###
09/29/2017 01:27:47 PM - PREFLAG - INFO : # Moved to directory /data/adebahr/apertif/090808_3C286/raw #
09/29/2017 01:27:47 PM - PREFLAG - INFO : # Flagging auto-correlations for flux calibrator data #
09/29/2017 01:27:52 PM - PREFLAG - INFO : # Auto-correlation flagging for flux calibrator data done #
09/29/2017 01:27:52 PM - PREFLAG - INFO : # Flagging shadowed antennas for flux calibrator data #
09/29/2017 01:27:56 PM - PREFLAG - INFO : # Flagging of shadowed antennas for flux calibrator data done #
09/29/2017 01:27:56 PM - PREFLAG - INFO : # Flagging timerange 19:45:0~21:00:0 for flux calibrator data #
09/29/2017 01:27:58 PM - PREFLAG - INFO : # Flagging of timerange 19:45:0~21:00:0 for flux calibrator data done #
09/29/2017 01:27:58 PM - PREFLAG - INFO : ### Pre-flagging of known flags done ###
09/29/2017 01:27:58 PM - PREFLAG - INFO : ### Doing pre-flagging with AOFlagger ###
09/29/2017 01:33:14 PM - CONVERT - INFO : ### Configuration file /home/adebahr/apercal/ipython-notebooks/commissioning/APERTIF/Bandpass_stability.cfg successfully read! ###
09/29/2017 01:33:15 PM - CONVERT - INFO : ########## FILE CONVERSION started ##########
09/29/2017 01:33:15 PM - CONVERT - INFO : ### Starting conversion from MS to UVFITS format ###
09/29/2017 01:33:15 PM - CONVERT - INFO : # Creating directory /data/adebahr/apertif/090808_3C286/crosscal #
09/29/2017 01:33:15 PM - CONVERT - INFO : # Moved to directory /data/adebahr/apertif/090808_3C286/crosscal #
09/29/2017 01:33:15 PM - CONVERT - INFO : ### Using CASA toolkit to convert from MS to UVFITS format! ###
09/29/2017 01:34:00 PM - CONVERT - INFO : ### Converted MS file 3C286.MS to UVFITS using CASA toolkit! ###
09/29/2017 01:34:00 PM - CONVERT - INFO : ### Conversion from MS to UVFITS format done! ###
09/29/2017 01:34:00 PM - CONVERT - INFO : ### Starting conversion from UVFITS to MIRIAD format ###
09/29/2017 01:34:00 PM - CONVERT - INFO : ### Using MIRIAD fits task to convert data from UVFITS to MIRIAD format ###
09/29/2017 01:34:00 PM - masher - DEBUG : fits in=/data/adebahr/apertif/090808_3C286/crosscal/3C286.UVFITS op=uvin out=/data/adebahr/apertif/090808_3C286/crosscal/3C286.mir 
09/29/2017 01:34:00 PM - basher - DEBUG : fits in=/data/adebahr/apertif/090808_3C286/crosscal/3C286.UVFITS op=uvin out=/data/adebahr/apertif/090808_3C286/crosscal/3C286.mir 
09/29/2017 01:34:33 PM - basher - DEBUG : Command = fits in=/data/adebahr/apertif/090808_3C286/crosscal/3C286.UVFITS op=uvin out=/data/adebahr/apertif/090808_3C286/crosscal/3C286.mir 
09/29/2017 01:34:33 PM - basher - DEBUG : 

fits: Revision 1.32, 2014/09/15 04:39:01 UTC

Determining various defaults ...
  Assuming systemp=30
  Assuming jyperk=8

Analysing the extension tables ...
  Using antenna table information
  Using frequency table information
  Using source table information

Handling the visibility data
  Data are linearly polarized
  Reading the correlation data
  The estimated integration time of a sample is 31 seconds
  Number of antennas: 5
  Number of antenna configurations: 1

09/29/2017 01:34:33 PM - basher - DEBUG : ### Warning:  1 unrecognised cards were written to the history file
### Warning:  Ignored random parameter INTTIM
### Warning:  Some visibilities had zero weight

09/29/2017 01:34:33 PM - basher - DEBUG : Returning output.
09/29/2017 01:34:33 PM - basher - DEBUG : rm -r /data/adebahr/apertif/090808_3C286/crosscal/3C286.UVFITS
09/29/2017 01:34:34 PM - basher - DEBUG : Returning output.
09/29/2017 01:34:34 PM - CONVERT - INFO : ### Converted UVFITS file 3C286.MS to MIRIAD format using MIRIAD task fits! ###
09/29/2017 01:34:34 PM - CONVERT - INFO : ### Conversion from UVFITS to MIRIAD format done! ###
09/29/2017 01:34:34 PM - CONVERT - INFO : ########## FILE CONVERSION done ##########
09/29/2017 01:34:38 PM - CROSSCAL - INFO : ### Configuration file /home/adebahr/apercal/ipython-notebooks/commissioning/APERTIF/Bandpass_stability.cfg successfully read! ###
09/29/2017 01:34:41 PM - masher - DEBUG : mfcal vis=3C286.mir interval=60,60,60 stokes=XX 
09/29/2017 01:34:41 PM - basher - DEBUG : mfcal vis=3C286.mir interval=60,60,60 stokes=XX 
09/29/2017 01:35:44 PM - basher - DEBUG : Command = mfcal vis=3C286.mir interval=60,60,60 stokes=XX 
09/29/2017 01:35:44 PM - basher - DEBUG : 
MfCal: $Revision: 1.20 $, $Date: 2017/05/08 02:31:10 $
Reading the data ...
Number correlations accepted: 11433931
Number of frequency bands/settings: 1
Number of polarisations selected: 1
Number of solution intervals: 11
Number of passband solution intervals: 11
Initialising ...
Using known frequency variation of 3c286
Generating initial solution estimate ...
Doing solution refinement ...
Iter= 1, Solution Error:  1.314
Iter= 2, Solution Error:  0.004
Iter= 3, Solution Error:  0.003
Iter= 4, Solution Error:  0.002
Iter= 5, Solution Error:  0.001
Iter= 6, Solution Error:  0.001
Saving solution ...

09/29/2017 01:35:44 PM - basher - DEBUG : ### Warning:  Correlations flagged or edge-rejected: 35589645

09/29/2017 01:35:44 PM - basher - DEBUG : Returning output.
09/29/2017 01:35:50 PM - masher - DEBUG : gpplt vis=3C286.mir log=/home/adebahr/apercal/temp/mirlog/C2DB8VHL options=bandpass 
09/29/2017 01:35:50 PM - basher - DEBUG : gpplt vis=3C286.mir log=/home/adebahr/apercal/temp/mirlog/C2DB8VHL options=bandpass 
09/29/2017 01:35:51 PM - basher - DEBUG : Command = gpplt vis=3C286.mir log=/home/adebahr/apercal/temp/mirlog/C2DB8VHL options=bandpass 
09/29/2017 01:35:51 PM - basher - DEBUG : 

gpplt: Revision (not recorded)


09/29/2017 01:35:51 PM - basher - DEBUG : Returning output.
