10/24/2017 01:30:52 PM - root - INFO : Logging started!
10/24/2017 01:30:52 PM - root - INFO : To see the log in a bash window use the following command:
10/24/2017 01:30:52 PM - root - INFO : tail -n +1 -f /home/adebahr/apercal/ipython-notebooks/commissioning/APERTIF/Bandpass_stability.log
10/24/2017 01:30:58 PM - PREFLAG - INFO : ### Configuration file /home/adebahr/apercal/ipython-notebooks/commissioning/APERTIF/Bandpass_stability.cfg successfully read! ###
10/24/2017 01:30:59 PM - PREFLAG - INFO : ### Starting pre-flagging of known flags ###
10/24/2017 01:30:59 PM - PREFLAG - INFO : # Moved to directory /data/adebahr/apertif/100608_3C48/raw #
10/24/2017 01:30:59 PM - PREFLAG - INFO : # Flagging auto-correlations for flux calibrator data #
10/24/2017 01:31:03 PM - PREFLAG - INFO : # Auto-correlation flagging for flux calibrator data done #
10/24/2017 01:31:03 PM - PREFLAG - INFO : # Flagging shadowed antennas for flux calibrator data #
10/24/2017 01:31:05 PM - PREFLAG - INFO : # Flagging of shadowed antennas for flux calibrator data done #
10/24/2017 01:31:05 PM - PREFLAG - INFO : ### Pre-flagging of known flags done ###
10/24/2017 01:31:05 PM - PREFLAG - INFO : ### Doing pre-flagging with AOFlagger ###
10/24/2017 01:41:28 PM - CONVERT - INFO : ### Configuration file /home/adebahr/apercal/ipython-notebooks/commissioning/APERTIF/Bandpass_stability.cfg successfully read! ###
10/24/2017 01:41:30 PM - CONVERT - INFO : ########## FILE CONVERSION started ##########
10/24/2017 01:41:30 PM - CONVERT - INFO : ### Starting conversion from MS to UVFITS format ###
10/24/2017 01:41:30 PM - CONVERT - INFO : # Moved to directory /data/adebahr/apertif/100608_3C48/crosscal #
10/24/2017 01:41:30 PM - CONVERT - INFO : ### Using CASA toolkit to convert from MS to UVFITS format! ###
10/24/2017 01:42:14 PM - CONVERT - INFO : ### Converted MS file 3C48.MS to UVFITS using CASA toolkit! ###
10/24/2017 01:42:14 PM - CONVERT - INFO : ### Conversion from MS to UVFITS format done! ###
10/24/2017 01:42:14 PM - CONVERT - INFO : ### Starting conversion from UVFITS to MIRIAD format ###
10/24/2017 01:42:14 PM - CONVERT - INFO : ### Using MIRIAD fits task to convert data from UVFITS to MIRIAD format ###
10/24/2017 01:42:14 PM - masher - DEBUG : fits in=/data/adebahr/apertif/100608_3C48/crosscal/3C48.UVFITS op=uvin out=/data/adebahr/apertif/100608_3C48/crosscal/3C48.mir 
10/24/2017 01:42:14 PM - basher - DEBUG : fits in=/data/adebahr/apertif/100608_3C48/crosscal/3C48.UVFITS op=uvin out=/data/adebahr/apertif/100608_3C48/crosscal/3C48.mir 
10/24/2017 01:42:14 PM - basher - DEBUG : Command = fits in=/data/adebahr/apertif/100608_3C48/crosscal/3C48.UVFITS op=uvin out=/data/adebahr/apertif/100608_3C48/crosscal/3C48.mir 
10/24/2017 01:42:14 PM - basher - DEBUG : 

fits: Revision 1.32, 2014/09/15 04:39:01 UTC


10/24/2017 01:42:14 PM - basher - DEBUG : ### Fatal Error:  Error opening /data/adebahr/apertif/100608_3C48/crosscal/3C48.mir, in UVOPEN(new): File exists

10/24/2017 01:42:14 PM - basher - DEBUG : Returning output.
10/24/2017 01:42:14 PM - basher - DEBUG : rm -r /data/adebahr/apertif/100608_3C48/crosscal/3C48.UVFITS
10/24/2017 01:42:15 PM - basher - DEBUG : Returning output.
10/24/2017 01:42:15 PM - CONVERT - INFO : ### Converted UVFITS file 3C48.MS to MIRIAD format using MIRIAD task fits! ###
10/24/2017 01:42:15 PM - CONVERT - INFO : ### Conversion from UVFITS to MIRIAD format done! ###
10/24/2017 01:42:15 PM - CONVERT - INFO : ########## FILE CONVERSION done ##########
10/24/2017 01:42:41 PM - CROSSCAL - INFO : ### Configuration file /home/adebahr/apercal/ipython-notebooks/commissioning/APERTIF/Bandpass_stability.cfg successfully read! ###
10/24/2017 01:43:04 PM - masher - DEBUG : mfcal vis=3C48.mir interval=60,60,60 options=delay stokes=XX 
10/24/2017 01:43:04 PM - basher - DEBUG : mfcal vis=3C48.mir interval=60,60,60 options=delay stokes=XX 
10/24/2017 01:47:35 PM - basher - DEBUG : Command = mfcal vis=3C48.mir interval=60,60,60 options=delay stokes=XX 
10/24/2017 01:47:35 PM - basher - DEBUG : 
MfCal: $Revision: 1.20 $, $Date: 2017/05/08 02:31:10 $
Reading the data ...
Number correlations accepted: 12568106
Number of frequency bands/settings: 1
Number of polarisations selected: 1
Number of solution intervals: 4
Number of passband solution intervals: 4
Initialising ...
Using known frequency variation of 3c48
Generating initial solution estimate ...
Doing solution refinement ...
Iter= 1, Solution Error:  1.358
Iter= 2, Solution Error:  1.000
Iter= 3, Solution Error:  0.308
Iter= 4, Solution Error:  0.130
Iter= 5, Solution Error:  0.175
Iter= 6, Solution Error:  0.213
Iter= 7, Solution Error:  0.254
Iter= 8, Solution Error:  0.192
Iter= 9, Solution Error:  0.168
Iter=10, Solution Error:  0.284
Iter=11, Solution Error:  0.462
Iter=12, Solution Error:  0.283
Iter=13, Solution Error:  0.224
Iter=14, Solution Error:  0.151
Iter=15, Solution Error:  0.188
Iter=16, Solution Error:  0.224
Iter=17, Solution Error:  0.288
Iter=18, Solution Error:  0.147
Iter=19, Solution Error:  0.191
Iter=20, Solution Error:  0.303
Iter=21, Solution Error:  0.286
Iter=22, Solution Error:  0.315
Iter=23, Solution Error:  0.294
Iter=24, Solution Error:  0.256
Iter=25, Solution Error:  0.286
Iter=26, Solution Error:  0.261
Iter=27, Solution Error:  0.225
Iter=28, Solution Error:  0.173
Iter=29, Solution Error:  0.177
Iter=30, Solution Error:  0.263
Saving solution ...

10/24/2017 01:47:35 PM - basher - DEBUG : ### Warning:  Correlations flagged or edge-rejected: 19800663
### Warning:  Failed to converge

10/24/2017 01:47:35 PM - basher - DEBUG : Returning output.
10/24/2017 01:48:15 PM - masher - DEBUG : gpplt vis=/data/adebahr/apertif/100608_3C48/crosscal/3C48.mir log=/home/adebahr/apercal/temp/mirlog/C2DB8VHL options=bandpass 
10/24/2017 01:48:15 PM - basher - DEBUG : gpplt vis=/data/adebahr/apertif/100608_3C48/crosscal/3C48.mir log=/home/adebahr/apercal/temp/mirlog/C2DB8VHL options=bandpass 
10/24/2017 01:48:16 PM - basher - DEBUG : Command = gpplt vis=/data/adebahr/apertif/100608_3C48/crosscal/3C48.mir log=/home/adebahr/apercal/temp/mirlog/C2DB8VHL options=bandpass 
10/24/2017 01:48:16 PM - basher - DEBUG : 

gpplt: Revision (not recorded)


10/24/2017 01:48:16 PM - basher - DEBUG : Returning output.
10/24/2017 01:50:39 PM - masher - DEBUG : gpplt vis=/data/adebahr/apertif/100608_3C48/crosscal/3C48.mir options=gains log=/home/adebahr/apercal/temp/mirlog/1IYQDAU1 yaxis=amp 
10/24/2017 01:50:39 PM - basher - DEBUG : gpplt vis=/data/adebahr/apertif/100608_3C48/crosscal/3C48.mir options=gains log=/home/adebahr/apercal/temp/mirlog/1IYQDAU1 yaxis=amp 
10/24/2017 01:50:39 PM - basher - DEBUG : Command = gpplt vis=/data/adebahr/apertif/100608_3C48/crosscal/3C48.mir options=gains log=/home/adebahr/apercal/temp/mirlog/1IYQDAU1 yaxis=amp 
10/24/2017 01:50:39 PM - basher - DEBUG : 

gpplt: Revision (not recorded)

The base time is 17OCT08:00:00:00.0

10/24/2017 01:50:39 PM - basher - DEBUG : Returning output.
10/24/2017 01:50:39 PM - masher - DEBUG : gpplt vis=/data/adebahr/apertif/100608_3C48/crosscal/3C48.mir options=gains log=/home/adebahr/apercal/temp/mirlog/1IYQDAU1 yaxis=phase 
10/24/2017 01:50:39 PM - basher - DEBUG : gpplt vis=/data/adebahr/apertif/100608_3C48/crosscal/3C48.mir options=gains log=/home/adebahr/apercal/temp/mirlog/1IYQDAU1 yaxis=phase 
10/24/2017 01:50:39 PM - basher - DEBUG : Command = gpplt vis=/data/adebahr/apertif/100608_3C48/crosscal/3C48.mir options=gains log=/home/adebahr/apercal/temp/mirlog/1IYQDAU1 yaxis=phase 
10/24/2017 01:50:39 PM - basher - DEBUG : 

gpplt: Revision (not recorded)

The base time is 17OCT08:00:00:00.0

10/24/2017 01:50:39 PM - basher - DEBUG : Returning output.
10/24/2017 01:52:06 PM - masher - DEBUG : gpplt vis=/data/adebahr/apertif/100608_3C48/crosscal/3C48.mir log=/home/adebahr/apercal/temp/mirlog/3UHIHLSB options=delays 
10/24/2017 01:52:06 PM - basher - DEBUG : gpplt vis=/data/adebahr/apertif/100608_3C48/crosscal/3C48.mir log=/home/adebahr/apercal/temp/mirlog/3UHIHLSB options=delays 
10/24/2017 01:52:06 PM - basher - DEBUG : Command = gpplt vis=/data/adebahr/apertif/100608_3C48/crosscal/3C48.mir log=/home/adebahr/apercal/temp/mirlog/3UHIHLSB options=delays 
10/24/2017 01:52:06 PM - basher - DEBUG : 

gpplt: Revision (not recorded)

The base time is 17OCT08:00:00:00.0

10/24/2017 01:52:06 PM - basher - DEBUG : Returning output.
